\BOOKMARK [0][-]{chapter.1}{\376\377\000M\000o\000t\000i\000v\000a\000t\000i\000o\000n}{}% 1
\BOOKMARK [1][-]{section.1.1}{\376\377\000W\000h\000y\000\040\000s\000t\000u\000d\000y\000\040\000p\000r\000o\000g\000r\000a\000m\000m\000i\000n\000g}{chapter.1}% 2
\BOOKMARK [1][-]{section.1.2}{\376\377\000T\000y\000p\000e\000s\000\040\000o\000f\000\040\000p\000r\000o\000g\000r\000a\000m\000m\000i\000n\000g\000\040\000l\000a\000n\000g\000u\000a\000g\000e}{chapter.1}% 3
\BOOKMARK [2][-]{subsection.1.2.1}{\376\377\000M\000a\000r\000k\000u\000p\000\040\000l\000a\000n\000g\000u\000a\000g\000e\000s}{section.1.2}% 4
\BOOKMARK [2][-]{subsection.1.2.2}{\376\377\000I\000n\000t\000e\000r\000p\000r\000e\000t\000e\000d\000\040\000l\000a\000n\000g\000u\000a\000g\000e\000s}{section.1.2}% 5
\BOOKMARK [2][-]{subsection.1.2.3}{\376\377\000C\000o\000m\000p\000i\000l\000e\000d\000\040\000l\000a\000n\000g\000u\000a\000g\000e\000s}{section.1.2}% 6
\BOOKMARK [1][-]{section.1.3}{\376\377\000O\000u\000r\000\040\000c\000h\000o\000i\000c\000e\000s\000\040\000f\000o\000r\000\040\000t\000h\000i\000s\000\040\000c\000o\000u\000r\000s\000e}{chapter.1}% 7
\BOOKMARK [2][-]{subsection.1.3.1}{\376\377\000P\000y\000t\000h\000o\000n\000\040\000a\000n\000d\000\040\000R\000u\000s\000t}{section.1.3}% 8
\BOOKMARK [2][-]{subsection.1.3.2}{\376\377\000S\000h\000e\000l\000l\000\040\000s\000c\000r\000i\000p\000t\000i\000n\000g\000\040\000a\000n\000d\000\040\000C\000/\000C\000+\000+}{section.1.3}% 9
\BOOKMARK [0][-]{chapter.2}{\376\377\000C\000o\000m\000p\000u\000t\000e\000r\000\040\000h\000a\000r\000d\000w\000a\000r\000e}{}% 10
\BOOKMARK [0][-]{chapter.3}{\376\377\000C\000o\000m\000p\000u\000t\000e\000r\000\040\000s\000o\000f\000t\000w\000a\000r\000e}{}% 11
\BOOKMARK [1][-]{section.3.1}{\376\377\000M\000a\000j\000o\000r\000\040\000o\000p\000e\000r\000a\000t\000i\000n\000g\000\040\000s\000y\000s\000t\000e\000m\000s}{chapter.3}% 12
\BOOKMARK [2][-]{subsection.3.1.1}{\376\377\000W\000i\000n\000d\000o\000w\000s}{section.3.1}% 13
\BOOKMARK [2][-]{subsection.3.1.2}{\376\377\000m\000a\000c\000O\000S}{section.3.1}% 14
\BOOKMARK [2][-]{subsection.3.1.3}{\376\377\000L\000i\000n\000u\000x}{section.3.1}% 15
\BOOKMARK [2][-]{subsection.3.1.4}{\376\377\000R\000e\000a\000l\000-\000t\000i\000m\000e\000\040\000o\000p\000e\000r\000a\000t\000i\000n\000g\000\040\000s\000y\000s\000t\000e\000m\000s}{section.3.1}% 16
\BOOKMARK [2][-]{subsection.3.1.5}{\376\377\000N\000o\000\040\000o\000p\000e\000r\000a\000t\000i\000n\000g\000\040\000s\000y\000s\000t\000e\000m}{section.3.1}% 17
\BOOKMARK [1][-]{section.3.2}{\376\377\000U\000s\000e\000r\000\040\000i\000n\000t\000e\000r\000f\000a\000c\000e\000s\000:\000\040\000g\000r\000a\000p\000h\000i\000c\000a\000l\000\040\000a\000n\000d\000\040\000t\000h\000e\000\040\000c\000o\000m\000m\000a\000n\000d\000\040\000l\000i\000n\000e}{chapter.3}% 18
\BOOKMARK [2][-]{subsection.3.2.1}{\376\377\000G\000r\000a\000p\000h\000i\000c\000a\000l\000\040\000U\000s\000e\000r\000\040\000I\000n\000t\000e\000r\000f\000a\000c\000e\000s}{section.3.2}% 19
\BOOKMARK [2][-]{subsection.3.2.2}{\376\377\000C\000o\000m\000m\000a\000n\000d\000\040\000L\000i\000n\000e\000\040\000I\000n\000t\000e\000r\000f\000a\000c\000e\000s}{section.3.2}% 20
\BOOKMARK [1][-]{section.3.3}{\376\377\000F\000i\000l\000e\000s\000,\000\040\000f\000o\000l\000d\000e\000r\000s\000,\000\040\000a\000n\000d\000\040\000f\000i\000l\000e\000s\000y\000s\000t\000e\000m\000s}{chapter.3}% 21
\BOOKMARK [2][-]{subsection.3.3.1}{\376\377\000F\000i\000l\000e\000s}{section.3.3}% 22
\BOOKMARK [2][-]{subsection.3.3.2}{\376\377\000F\000o\000l\000d\000e\000r\000s}{section.3.3}% 23
\BOOKMARK [2][-]{subsection.3.3.3}{\376\377\000F\000i\000l\000e\000\040\000s\000y\000s\000t\000e\000m\000s}{section.3.3}% 24
\BOOKMARK [3][-]{subsubsection*.3}{\376\377\000W\000i\000n\000d\000o\000w\000s}{subsection.3.3.3}% 25
\BOOKMARK [3][-]{subsubsection*.4}{\376\377\000m\000a\000c\000O\000S\000\040\000a\000n\000d\000\040\000L\000i\000n\000u\000x}{subsection.3.3.3}% 26
\BOOKMARK [3][-]{subsubsection*.5}{\376\377\000C\000l\000o\000u\000d\000\040\000s\000t\000o\000r\000a\000g\000e}{subsection.3.3.3}% 27
\BOOKMARK [3][-]{subsubsection*.6}{\376\377\000A\000b\000s\000o\000l\000u\000t\000e\000\040\000v\000s\000.\000\040\000r\000e\000l\000a\000t\000i\000v\000e\000\040\000a\000d\000d\000r\000e\000s\000s\000e\000s}{subsection.3.3.3}% 28
\BOOKMARK [2][-]{subsection.3.3.4}{\376\377\000B\000e\000s\000t\000\040\000p\000r\000a\000c\000t\000i\000c\000e\000s}{section.3.3}% 29
\BOOKMARK [3][-]{subsubsection*.7}{\376\377\000W\000h\000e\000r\000e\000\040\000s\000h\000o\000u\000l\000d\000\040\000I\000\040\000p\000u\000t\000\040\000m\000y\000\040\000f\000i\000l\000e\000s\000?}{subsection.3.3.4}% 30
\BOOKMARK [3][-]{subsubsection*.8}{\376\377\000H\000o\000w\000\040\000m\000u\000c\000h\000\040\000f\000i\000l\000i\000n\000g\000\040\000t\000o\000\040\000d\000o}{subsection.3.3.4}% 31
\BOOKMARK [0][-]{chapter.4}{\376\377\000S\000o\000f\000t\000w\000a\000r\000e\000\040\000l\000i\000f\000e\000c\000y\000c\000l\000e}{}% 32
\BOOKMARK [1][-]{section.4.1}{\376\377\000R\000e\000q\000u\000i\000r\000e\000m\000e\000n\000t\000s\000\040\000c\000a\000p\000t\000u\000r\000e}{chapter.4}% 33
\BOOKMARK [1][-]{section.4.2}{\376\377\000S\000o\000f\000t\000w\000a\000r\000e\000\040\000a\000r\000c\000h\000i\000t\000e\000c\000t\000u\000r\000e}{chapter.4}% 34
\BOOKMARK [1][-]{section.4.3}{\376\377\000T\000e\000s\000t\000i\000n\000g\000\040\000a\000n\000d\000\040\000d\000e\000b\000u\000g\000g\000i\000n\000g}{chapter.4}% 35
\BOOKMARK [1][-]{section.4.4}{\376\377\000R\000e\000l\000e\000a\000s\000e\000,\000\040\000s\000u\000p\000p\000o\000r\000t\000,\000\040\000m\000a\000i\000n\000t\000e\000n\000a\000n\000c\000e\000,\000\040\000a\000n\000d\000\040\000b\000u\000g\000\040\000f\000i\000x\000e\000s}{chapter.4}% 36
\BOOKMARK [1][-]{section.4.5}{\376\377\000D\000o\000c\000u\000m\000e\000n\000t\000a\000t\000i\000o\000n}{chapter.4}% 37
\BOOKMARK [1][-]{section.4.6}{\376\377\000Q\000u\000a\000l\000i\000t\000y\000\040\000m\000a\000n\000a\000g\000e\000m\000e\000n\000t}{chapter.4}% 38
\BOOKMARK [0][-]{chapter.5}{\376\377\000S\000o\000f\000t\000w\000a\000r\000e\000\040\000d\000e\000v\000e\000l\000o\000p\000m\000e\000n\000t\000\040\000t\000o\000o\000l\000s\000\040\000f\000u\000n\000d\000a\000m\000e\000n\000t\000a\000l\000s}{}% 39
\BOOKMARK [1][-]{section.5.1}{\376\377\000I\000n\000t\000e\000g\000r\000a\000t\000e\000d\000\040\000D\000e\000v\000e\000l\000o\000p\000m\000e\000n\000t\000\040\000E\000n\000v\000i\000r\000o\000n\000m\000e\000n\000t\000s\000\040\000\050\000I\000D\000E\000s\000\051}{chapter.5}% 40
\BOOKMARK [1][-]{section.5.2}{\376\377\000C\000o\000m\000m\000e\000n\000t\000s}{chapter.5}% 41
\BOOKMARK [1][-]{section.5.3}{\376\377\000D\000o\000c\000s\000t\000r\000i\000n\000g\000s\000\040\000a\000n\000d\000\040\000d\000o\000c\000t\000e\000s\000t\000s}{chapter.5}% 42
\BOOKMARK [1][-]{section.5.4}{\376\377\000D\000o\000c\000u\000m\000e\000n\000t\000a\000t\000i\000o\000n\000\040\000t\000o\000o\000l\000s}{chapter.5}% 43
\BOOKMARK [1][-]{section.5.5}{\376\377\000S\000t\000a\000t\000i\000c\000\040\000c\000o\000d\000e\000\040\000a\000n\000a\000l\000y\000s\000i\000s}{chapter.5}% 44
\BOOKMARK [1][-]{section.5.6}{\376\377\000D\000e\000b\000u\000g\000g\000e\000r}{chapter.5}% 45
\BOOKMARK [1][-]{section.5.7}{\376\377\000P\000r\000o\000f\000i\000l\000e\000r\000\040\000a\000n\000d\000\040\000c\000o\000m\000p\000u\000t\000a\000t\000i\000o\000n\000a\000l\000\040\000c\000o\000m\000p\000l\000e\000x\000i\000t\000y}{chapter.5}% 46
\BOOKMARK [2][-]{subsection.5.7.1}{\376\377\000P\000r\000o\000f\000i\000l\000e\000r}{section.5.7}% 47
\BOOKMARK [2][-]{subsection.5.7.2}{\376\377\000C\000o\000m\000p\000u\000t\000a\000t\000i\000o\000n\000a\000l\000\040\000c\000o\000m\000p\000l\000e\000x\000i\000t\000y}{section.5.7}% 48
\BOOKMARK [1][-]{section.5.8}{\376\377\000V\000e\000r\000s\000i\000o\000n\000\040\000c\000o\000n\000t\000r\000o\000l}{chapter.5}% 49
\BOOKMARK [1][-]{section.5.9}{\376\377\000E\000n\000v\000i\000r\000o\000n\000m\000e\000n\000t\000\040\000c\000o\000n\000t\000r\000o\000l}{chapter.5}% 50
\BOOKMARK [1][-]{section.5.10}{\376\377\000U\000n\000i\000t\000\040\000a\000n\000d\000\040\000i\000n\000t\000e\000g\000r\000a\000t\000i\000o\000n\000\040\000t\000e\000s\000t\000i\000n\000g}{chapter.5}% 51
\BOOKMARK [2][-]{subsection.5.10.1}{\376\377\000G\000e\000n\000e\000r\000a\000l\000\040\000p\000r\000i\000n\000c\000i\000p\000l\000e\000s}{section.5.10}% 52
\BOOKMARK [2][-]{subsection.5.10.2}{\376\377\000U\000n\000i\000t\000\040\000t\000e\000s\000t\000s}{section.5.10}% 53
\BOOKMARK [2][-]{subsection.5.10.3}{\376\377\000I\000n\000t\000e\000g\000r\000a\000t\000i\000o\000n\000\040\000t\000e\000s\000t\000s}{section.5.10}% 54
\BOOKMARK [1][-]{section.5.11}{\376\377\000C\000o\000n\000t\000i\000n\000u\000o\000u\000s\000\040\000i\000n\000t\000e\000g\000r\000a\000t\000i\000o\000n}{chapter.5}% 55
\BOOKMARK [1][-]{section.5.12}{\376\377\000F\000o\000r\000m\000a\000t\000t\000e\000r\000s}{chapter.5}% 56
\BOOKMARK [1][-]{section.5.13}{\376\377\000C\000o\000d\000e\000\040\000r\000e\000v\000i\000e\000w\000s}{chapter.5}% 57
\BOOKMARK [1][-]{section.5.14}{\376\377\000B\000u\000d\000d\000y\000\040\000p\000r\000o\000g\000r\000a\000m\000m\000i\000n\000g}{chapter.5}% 58
\BOOKMARK [1][-]{section.5.15}{\376\377\000M\000o\000d\000u\000l\000e\000s\000,\000\040\000l\000i\000b\000r\000a\000r\000i\000e\000s\000,\000\040\000a\000n\000d\000\040\000s\000i\000m\000i\000l\000a\000r}{chapter.5}% 59
\BOOKMARK [2][-]{subsection.5.15.1}{\376\377\000S\000t\000a\000n\000d\000a\000r\000d\000\040\000l\000i\000b\000r\000a\000r\000y}{section.5.15}% 60
\BOOKMARK [2][-]{subsection.5.15.2}{\376\377\000P\000a\000c\000k\000a\000g\000e\000s\000\040\000f\000r\000o\000m\000\040\000o\000n\000l\000i\000n\000e\000\040\000r\000e\000p\000o\000s\000i\000t\000o\000r\000i\000e\000s}{section.5.15}% 61
\BOOKMARK [2][-]{subsection.5.15.3}{\376\377\000C\000o\000d\000e\000\040\000f\000r\000o\000m\000\040\000o\000n\000l\000i\000n\000e\000\040\000s\000i\000t\000e\000s\000\040\000s\000u\000c\000h\000\040\000a\000s\000\040\000G\000i\000t\000H\000u\000b}{section.5.15}% 62
\BOOKMARK [2][-]{subsection.5.15.4}{\376\377\000I\000m\000p\000o\000r\000t\000a\000n\000t\000\040\000c\000o\000n\000s\000i\000d\000e\000r\000a\000t\000i\000o\000n\000s}{section.5.15}% 63
\BOOKMARK [1][-]{section.5.16}{\376\377\000S\000o\000f\000t\000w\000a\000r\000e\000\040\000l\000i\000c\000e\000n\000s\000e\000s}{chapter.5}% 64
\BOOKMARK [1][-]{section.5.17}{\376\377\000P\000s\000e\000u\000d\000o\000c\000o\000d\000e}{chapter.5}% 65
\BOOKMARK [1][-]{section.5.18}{\376\377\000C\000o\000-\000p\000i\000l\000o\000t\000\040\000a\000n\000d\000\040\000o\000t\000h\000e\000r\000\040\000A\000I\000\040\000t\000o\000o\000l\000s}{chapter.5}% 66
\BOOKMARK [0][-]{chapter.6}{\376\377\000P\000r\000o\000g\000r\000a\000m\000m\000i\000n\000g\000\040\000f\000u\000n\000d\000a\000m\000e\000n\000t\000a\000l\000s}{}% 67
\BOOKMARK [1][-]{section.6.1}{\376\377\000S\000c\000r\000i\000p\000t\000s\000\040\000v\000s\000.\000\040\000p\000r\000o\000g\000r\000a\000m\000s}{chapter.6}% 68
\BOOKMARK [1][-]{section.6.2}{\376\377\000F\000u\000n\000c\000t\000i\000o\000n\000s}{chapter.6}% 69
\BOOKMARK [2][-]{subsection.6.2.1}{\376\377\000F\000u\000n\000d\000a\000m\000e\000n\000t\000s}{section.6.2}% 70
\BOOKMARK [2][-]{subsection.6.2.2}{\376\377\000T\000h\000e\000\040\000m\000a\000i\000n\000\040\000f\000u\000n\000c\000t\000i\000o\000n}{section.6.2}% 71
\BOOKMARK [2][-]{subsection.6.2.3}{\376\377\000C\000l\000o\000s\000u\000r\000e\000s}{section.6.2}% 72
\BOOKMARK [1][-]{section.6.3}{\376\377\000M\000u\000t\000a\000b\000l\000e\000\040\000v\000s\000.\000\040\000i\000m\000m\000u\000t\000a\000b\000l\000e}{chapter.6}% 73
\BOOKMARK [1][-]{section.6.4}{\376\377\000V\000a\000r\000i\000a\000b\000l\000e\000s}{chapter.6}% 74
\BOOKMARK [2][-]{subsection.6.4.1}{\376\377\000S\000i\000n\000g\000l\000e\000\040\000v\000a\000r\000i\000a\000b\000l\000e\000s}{section.6.4}% 75
\BOOKMARK [2][-]{subsection.6.4.2}{\376\377\000S\000t\000o\000r\000i\000n\000g\000\040\000m\000u\000l\000t\000i\000p\000l\000e\000\040\000v\000a\000l\000u\000e\000s}{section.6.4}% 76
\BOOKMARK [2][-]{subsection.6.4.3}{\376\377\000T\000u\000p\000l\000e\000s}{section.6.4}% 77
\BOOKMARK [2][-]{subsection.6.4.4}{\376\377\000L\000i\000s\000t\000s}{section.6.4}% 78
\BOOKMARK [2][-]{subsection.6.4.5}{\376\377\000D\000i\000c\000t\000i\000o\000n\000a\000r\000i\000e\000s}{section.6.4}% 79
\BOOKMARK [2][-]{subsection.6.4.6}{\376\377\000M\000u\000l\000t\000i\000-\000d\000i\000m\000e\000n\000s\000i\000o\000n\000a\000l\000\040\000i\000t\000e\000m\000s}{section.6.4}% 80
\BOOKMARK [2][-]{subsection.6.4.7}{\376\377\000W\000h\000i\000c\000h\000\040\000s\000h\000o\000u\000l\000d\000\040\000I\000\040\000u\000s\000e}{section.6.4}% 81
\BOOKMARK [2][-]{subsection.6.4.8}{\376\377\000O\000t\000h\000e\000r\000\040\000v\000a\000r\000i\000a\000b\000l\000e\000\040\000t\000y\000p\000e\000s}{section.6.4}% 82
\BOOKMARK [1][-]{section.6.5}{\376\377\000O\000b\000j\000e\000c\000t\000s}{chapter.6}% 83
\BOOKMARK [2][-]{subsection.6.5.1}{\376\377\000E\000x\000a\000m\000p\000l\000e\000\040\000m\000o\000t\000i\000v\000a\000t\000i\000n\000g\000\040\000o\000b\000j\000e\000c\000t\000s}{section.6.5}% 84
\BOOKMARK [2][-]{subsection.6.5.2}{\376\377\000O\000b\000j\000e\000c\000t\000\040\000b\000a\000s\000i\000c\000s}{section.6.5}% 85
\BOOKMARK [1][-]{section.6.6}{\376\377\000D\000a\000t\000a\000\040\000t\000y\000p\000e\000s}{chapter.6}% 86
\BOOKMARK [2][-]{subsection.6.6.1}{\376\377\000O\000v\000e\000r\000v\000i\000e\000w}{section.6.6}% 87
\BOOKMARK [2][-]{subsection.6.6.2}{\376\377\000C\000o\000m\000m\000o\000n\000\040\000d\000a\000t\000a\000\040\000t\000y\000p\000e\000s}{section.6.6}% 88
\BOOKMARK [3][-]{subsubsection*.9}{\376\377\000B\000o\000o\000l\000e\000a\000n\000s}{subsection.6.6.2}% 89
\BOOKMARK [3][-]{subsubsection*.10}{\376\377\000I\000n\000t\000e\000g\000e\000r\000s}{subsection.6.6.2}% 90
\BOOKMARK [4][-]{paragraph*.11}{\376\377\000H\000o\000w\000\040\000t\000h\000e\000\040\000c\000o\000m\000p\000u\000t\000e\000r\000\040\000s\000t\000o\000r\000e\000s\000\040\000t\000h\000e\000m}{subsubsection*.10}% 91
\BOOKMARK [4][-]{paragraph*.12}{\376\377\000C\000o\000n\000s\000e\000q\000u\000e\000n\000c\000e\000s\000\040\000o\000f\000\040\000t\000h\000i\000s\000\040\000s\000t\000o\000r\000a\000g\000e}{subsubsection*.10}% 92
\BOOKMARK [4][-]{paragraph*.13}{\376\377\000N\000u\000m\000b\000e\000r\000\040\000r\000e\000p\000r\000e\000s\000e\000n\000t\000a\000t\000i\000o\000n\000s}{subsubsection*.10}% 93
\BOOKMARK [4][-]{paragraph*.14}{\376\377\000W\000h\000i\000c\000h\000\040\000s\000h\000o\000u\000l\000d\000\040\000I\000\040\000u\000s\000e}{subsubsection*.10}% 94
\BOOKMARK [3][-]{subsubsection*.15}{\376\377\000F\000l\000o\000a\000t\000i\000n\000g\000\040\000p\000o\000i\000n\000t\000\040\000n\000u\000m\000b\000e\000r\000s}{subsection.6.6.2}% 95
\BOOKMARK [4][-]{paragraph*.16}{\376\377\000H\000o\000w\000\040\000t\000h\000e\000\040\000c\000o\000m\000p\000u\000t\000e\000r\000\040\000s\000t\000o\000r\000e\000s\000\040\000t\000h\000e\000m}{subsubsection*.15}% 96
\BOOKMARK [4][-]{paragraph*.17}{\376\377\000C\000o\000n\000s\000e\000q\000u\000e\000n\000c\000e\000s\000\040\000o\000f\000\040\000t\000h\000i\000s\000\040\000s\000t\000o\000r\000a\000g\000e}{subsubsection*.15}% 97
\BOOKMARK [4][-]{paragraph*.18}{\376\377\000N\000u\000m\000b\000e\000r\000\040\000r\000e\000p\000r\000e\000s\000e\000n\000t\000a\000t\000i\000o\000n\000s}{subsubsection*.15}% 98
\BOOKMARK [4][-]{paragraph*.19}{\376\377\000W\000h\000i\000c\000h\000\040\000s\000h\000o\000u\000l\000d\000\040\000I\000\040\000u\000s\000e}{subsubsection*.15}% 99
\BOOKMARK [3][-]{subsubsection*.20}{\376\377\000T\000e\000x\000t\000\040\000e\000n\000c\000o\000d\000i\000n\000g}{subsection.6.6.2}% 100
\BOOKMARK [4][-]{paragraph*.21}{\376\377\000A\000S\000C\000I\000I}{subsubsection*.20}% 101
\BOOKMARK [4][-]{paragraph*.22}{\376\377\000L\000a\000t\000i\000n\000-\000I}{subsubsection*.20}% 102
\BOOKMARK [4][-]{paragraph*.23}{\376\377\000U\000n\000i\000c\000o\000d\000e\000\040\000a\000n\000d\000\040\000U\000T\000F\000-\0008\000\040\000\050\000a\000n\000d\000\040\000s\000i\000m\000i\000l\000a\000r\000\051}{subsubsection*.20}% 103
\BOOKMARK [4][-]{paragraph*.24}{\376\377\000W\000h\000i\000c\000h\000\040\000s\000h\000o\000u\000l\000d\000\040\000I\000\040\000u\000s\000e}{subsubsection*.20}% 104
\BOOKMARK [4][-]{paragraph*.25}{\376\377\000A\000S\000C\000I\000I\000\040\000e\000n\000c\000o\000d\000i\000n\000g\000\040\000t\000a\000b\000l\000e}{subsubsection*.20}% 105
\BOOKMARK [3][-]{subsubsection*.26}{\376\377\000N\000o\000n\000e\000/\000N\000u\000l\000l\000\040\000a\000n\000d\000\040\000S\000o\000m\000e}{subsection.6.6.2}% 106
\BOOKMARK [3][-]{subsubsection*.27}{\376\377\000D\000a\000t\000e\000t\000i\000m\000e\000s}{subsection.6.6.2}% 107
\BOOKMARK [3][-]{subsubsection*.28}{\376\377\000D\000a\000t\000a\000f\000r\000a\000m\000e\000s}{subsection.6.6.2}% 108
\BOOKMARK [2][-]{subsection.6.6.3}{\376\377\000D\000y\000n\000a\000m\000i\000c\000a\000l\000l\000y\000\040\000t\000y\000p\000e\000d\000\040\000v\000s\000.\000\040\000s\000t\000a\000t\000i\000c\000a\000l\000l\000y\000\040\000t\000y\000p\000e\000d}{section.6.6}% 109
\BOOKMARK [1][-]{section.6.7}{\376\377\000C\000o\000n\000d\000i\000t\000i\000o\000n\000a\000l\000s\000\040\000a\000n\000d\000\040\000l\000o\000o\000p\000s}{chapter.6}% 110
\BOOKMARK [2][-]{subsection.6.7.1}{\376\377\000I\000f\000/\000e\000l\000s\000e\000\040\000s\000t\000a\000t\000e\000m\000e\000n\000t\000s}{section.6.7}% 111
\BOOKMARK [2][-]{subsection.6.7.2}{\376\377\000F\000o\000r\000\040\000l\000o\000o\000p\000s}{section.6.7}% 112
\BOOKMARK [2][-]{subsection.6.7.3}{\376\377\000W\000h\000i\000l\000e\000\040\000l\000o\000o\000p\000s}{section.6.7}% 113
\BOOKMARK [2][-]{subsection.6.7.4}{\376\377\000B\000r\000e\000a\000k\000i\000n\000g\000\040\000l\000o\000o\000p\000s}{section.6.7}% 114
\BOOKMARK [1][-]{section.6.8}{\376\377\000S\000c\000o\000p\000e\000\040\000a\000n\000d\000\040\000n\000a\000m\000e\000s\000p\000a\000c\000e\000s}{chapter.6}% 115
\BOOKMARK [2][-]{subsection.6.8.1}{\376\377\000S\000c\000o\000p\000e}{section.6.8}% 116
\BOOKMARK [2][-]{subsection.6.8.2}{\376\377\000N\000a\000m\000e\000s\000p\000a\000c\000e\000s}{section.6.8}% 117
\BOOKMARK [1][-]{section.6.9}{\376\377\000E\000r\000r\000o\000r\000\040\000h\000a\000n\000d\000l\000i\000n\000g\000\040\000\050\000a\000s\000s\000e\000r\000t\000s\000\040\000a\000n\000d\000\040\000e\000x\000c\000e\000p\000t\000i\000o\000n\000s\000\051}{chapter.6}% 118
\BOOKMARK [2][-]{subsection.6.9.1}{\376\377\000A\000s\000s\000e\000r\000t\000\040\000s\000t\000a\000t\000e\000m\000e\000n\000t\000s}{section.6.9}% 119
\BOOKMARK [2][-]{subsection.6.9.2}{\376\377\000E\000x\000c\000e\000p\000t\000i\000o\000n\000s}{section.6.9}% 120
\BOOKMARK [1][-]{section.6.10}{\376\377\000D\000e\000s\000i\000g\000n\000\040\000p\000a\000t\000t\000e\000r\000n\000s}{chapter.6}% 121
\BOOKMARK [2][-]{subsection.6.10.1}{\376\377\000F\000l\000o\000w\000\040\000c\000h\000a\000r\000t\000s}{section.6.10}% 122
\BOOKMARK [2][-]{subsection.6.10.2}{\376\377\000S\000t\000a\000t\000e\000\040\000m\000a\000c\000h\000i\000n\000e\000s}{section.6.10}% 123
\BOOKMARK [1][-]{section.6.11}{\376\377\000S\000h\000a\000l\000l\000o\000w\000\040\000v\000s\000.\000\040\000d\000e\000e\000p\000\040\000c\000o\000p\000i\000e\000s}{chapter.6}% 124
\BOOKMARK [1][-]{section.6.12}{\376\377\000S\000t\000a\000c\000k\000\040\000a\000n\000d\000\040\000h\000e\000a\000p\000\040\000m\000e\000m\000o\000r\000y}{chapter.6}% 125
\BOOKMARK [2][-]{subsection.6.12.1}{\376\377\000S\000t\000a\000c\000k\000\040\000m\000e\000m\000o\000r\000y}{section.6.12}% 126
\BOOKMARK [2][-]{subsection.6.12.2}{\376\377\000H\000e\000a\000p\000\040\000m\000e\000m\000o\000r\000y}{section.6.12}% 127
\BOOKMARK [1][-]{section.6.13}{\376\377\000P\000o\000i\000n\000t\000e\000r\000s\000\040\000a\000n\000d\000\040\000s\000m\000a\000r\000t\000\040\000p\000o\000i\000n\000t\000e\000r\000s}{chapter.6}% 128
\BOOKMARK [2][-]{subsection.6.13.1}{\376\377\000W\000h\000a\000t\000\040\000i\000s\000\040\000a\000\040\000p\000o\000i\000n\000t\000e\000r}{section.6.13}% 129
\BOOKMARK [2][-]{subsection.6.13.2}{\376\377\000H\000o\000w\000\040\000t\000o\000\040\000w\000o\000r\000k\000\040\000w\000i\000t\000h\000\040\000r\000a\000w\000\040\000p\000o\000i\000n\000t\000e\000r\000s}{section.6.13}% 130
\BOOKMARK [2][-]{subsection.6.13.3}{\376\377\000P\000o\000i\000n\000t\000e\000r\000\040\000a\000r\000i\000t\000h\000m\000e\000t\000i\000c}{section.6.13}% 131
\BOOKMARK [2][-]{subsection.6.13.4}{\376\377\000S\000m\000a\000r\000t\000\040\000p\000o\000i\000n\000t\000e\000r\000s}{section.6.13}% 132
\BOOKMARK [1][-]{section.6.14}{\376\377\000L\000i\000f\000e\000t\000i\000m\000e\000s\000,\000\040\000b\000o\000r\000r\000o\000w\000i\000n\000g\000,\000\040\000a\000n\000d\000\040\040\034\000m\000o\000d\000e\000r\000n\040\035\000\040\000a\000p\000p\000r\000o\000a\000c\000h\000e\000s}{chapter.6}% 133
\BOOKMARK [1][-]{section.6.15}{\376\377\000M\000o\000r\000e\000\040\000a\000d\000v\000a\000n\000c\000e\000d\000\040\000t\000o\000p\000i\000c\000s}{chapter.6}% 134
\BOOKMARK [2][-]{subsection.6.15.1}{\376\377\000L\000i\000n\000e\000\040\000e\000n\000d\000i\000n\000g\000s}{section.6.15}% 135
\BOOKMARK [2][-]{subsection.6.15.2}{\376\377\000A\000n\000o\000n\000y\000m\000o\000u\000s\000\040\000f\000u\000n\000c\000t\000i\000o\000n\000s}{section.6.15}% 136
\BOOKMARK [2][-]{subsection.6.15.3}{\376\377\000D\000e\000c\000o\000r\000a\000t\000o\000r\000s}{section.6.15}% 137
\BOOKMARK [2][-]{subsection.6.15.4}{\376\377\000I\000t\000e\000r\000a\000t\000o\000r\000s\000\040\000a\000n\000d\000\040\000g\000e\000n\000e\000r\000a\000t\000o\000r\000s}{section.6.15}% 138
\BOOKMARK [0][-]{chapter.7}{\376\377\000W\000i\000d\000e\000r\000\040\000f\000a\000c\000t\000o\000r\000s\000\040\000t\000o\000\040\000c\000o\000n\000s\000i\000d\000e\000r}{}% 139
\BOOKMARK [1][-]{section.7.1}{\376\377\000S\000e\000c\000u\000r\000i\000t\000y\000\040\000a\000n\000d\000\040\000r\000i\000s\000k}{chapter.7}% 140
\BOOKMARK [1][-]{section.7.2}{\376\377\000S\000u\000s\000t\000a\000i\000n\000a\000b\000i\000l\000i\000t\000y}{chapter.7}% 141
\BOOKMARK [1][-]{section.7.3}{\376\377\000E\000q\000u\000a\000l\000i\000t\000y\000,\000\040\000D\000i\000v\000e\000r\000s\000i\000t\000y\000,\000\040\000I\000n\000c\000l\000u\000s\000i\000o\000n\000\040\000a\000n\000d\000\040\000A\000c\000c\000e\000s\000s\000i\000b\000i\000l\000i\000t\000y}{chapter.7}% 142
