This is pdfTeX, Version 3.141592653-2.6-1.40.25 (TeX Live 2023/Debian) (preloaded format=pdflatex 2025.4.14)  14 APR 2025 08:44
entering extended mode
 restricted \write18 enabled.
 %&-line parsing enabled.
**notes-part1.tex
(./notes-part1.tex
LaTeX2e <2023-11-01> patch level 1
L3 programming layer <2024-01-22>
(./sphinxmanual.cls
Document Class: sphinxmanual 2019/12/01 v2.3.0 Document class (Sphinx manual)
(/usr/share/texlive/texmf-dist/tex/latex/base/report.cls
Document Class: report 2023/05/17 v1.4n Standard LaTeX document class
(/usr/share/texlive/texmf-dist/tex/latex/base/size10.clo
File: size10.clo 2023/05/17 v1.4n Standard LaTeX file (size option)
)
\c@part=\count187
\c@chapter=\count188
\c@section=\count189
\c@subsection=\count190
\c@subsubsection=\count191
\c@paragraph=\count192
\c@subparagraph=\count193
\c@figure=\count194
\c@table=\count195
\abovecaptionskip=\skip48
\belowcaptionskip=\skip49
\bibindent=\dimen140
)
LaTeX Info: Redefining \and on input line 35.
)
(/usr/share/texlive/texmf-dist/tex/latex/base/inputenc.sty
Package: inputenc 2021/02/14 v1.3d Input encoding file
\inpenc@prehook=\toks17
\inpenc@posthook=\toks18
)
   defining Unicode char U+00A0 (decimal 160)
   defining Unicode char U+2500 (decimal 9472)
   defining Unicode char U+2502 (decimal 9474)
   defining Unicode char U+2514 (decimal 9492)
   defining Unicode char U+251C (decimal 9500)
   defining Unicode char U+2572 (decimal 9586)

(/usr/share/texlive/texmf-dist/tex/latex/cmap/cmap.sty
Package: cmap 2021/02/06 v1.0j CMap support: searchable PDF
)
(/usr/share/texlive/texmf-dist/tex/latex/base/fontenc.sty
Package: fontenc 2021/04/29 v2.0v Standard LaTeX package
<<t1.cmap>>)
(/usr/share/texlive/texmf-dist/tex/latex/amsmath/amsmath.sty
Package: amsmath 2023/05/13 v2.17o AMS math features
\@mathmargin=\skip50

For additional information on amsmath, use the `?' option.
(/usr/share/texlive/texmf-dist/tex/latex/amsmath/amstext.sty
Package: amstext 2021/08/26 v2.01 AMS text

(/usr/share/texlive/texmf-dist/tex/latex/amsmath/amsgen.sty
File: amsgen.sty 1999/11/30 v2.0 generic functions
\@emptytoks=\toks19
\ex@=\dimen141
))
(/usr/share/texlive/texmf-dist/tex/latex/amsmath/amsbsy.sty
Package: amsbsy 1999/11/29 v1.2d Bold Symbols
\pmbraise@=\dimen142
)
(/usr/share/texlive/texmf-dist/tex/latex/amsmath/amsopn.sty
Package: amsopn 2022/04/08 v2.04 operator names
)
\inf@bad=\count196
LaTeX Info: Redefining \frac on input line 234.
\uproot@=\count197
\leftroot@=\count198
LaTeX Info: Redefining \overline on input line 399.
LaTeX Info: Redefining \colon on input line 410.
\classnum@=\count199
\DOTSCASE@=\count266
LaTeX Info: Redefining \ldots on input line 496.
LaTeX Info: Redefining \dots on input line 499.
LaTeX Info: Redefining \cdots on input line 620.
\Mathstrutbox@=\box51
\strutbox@=\box52
LaTeX Info: Redefining \big on input line 722.
LaTeX Info: Redefining \Big on input line 723.
LaTeX Info: Redefining \bigg on input line 724.
LaTeX Info: Redefining \Bigg on input line 725.
\big@size=\dimen143
LaTeX Font Info:    Redeclaring font encoding OML on input line 743.
LaTeX Font Info:    Redeclaring font encoding OMS on input line 744.
\macc@depth=\count267
LaTeX Info: Redefining \bmod on input line 905.
LaTeX Info: Redefining \pmod on input line 910.
LaTeX Info: Redefining \smash on input line 940.
LaTeX Info: Redefining \relbar on input line 970.
LaTeX Info: Redefining \Relbar on input line 971.
\c@MaxMatrixCols=\count268
\dotsspace@=\muskip16
\c@parentequation=\count269
\dspbrk@lvl=\count270
\tag@help=\toks20
\row@=\count271
\column@=\count272
\maxfields@=\count273
\andhelp@=\toks21
\eqnshift@=\dimen144
\alignsep@=\dimen145
\tagshift@=\dimen146
\tagwidth@=\dimen147
\totwidth@=\dimen148
\lineht@=\dimen149
\@envbody=\toks22
\multlinegap=\skip51
\multlinetaggap=\skip52
\mathdisplay@stack=\toks23
LaTeX Info: Redefining \[ on input line 2953.
LaTeX Info: Redefining \] on input line 2954.
)
(/usr/share/texlive/texmf-dist/tex/latex/amsfonts/amssymb.sty
Package: amssymb 2013/01/14 v3.01 AMS font symbols

(/usr/share/texlive/texmf-dist/tex/latex/amsfonts/amsfonts.sty
Package: amsfonts 2013/01/14 v3.01 Basic AMSFonts support
\symAMSa=\mathgroup4
\symAMSb=\mathgroup5
LaTeX Font Info:    Redeclaring math symbol \hbar on input line 98.
LaTeX Font Info:    Overwriting math alphabet `\mathfrak' in version `bold'
(Font)                  U/euf/m/n --> U/euf/b/n on input line 106.
))
(/usr/share/texlive/texmf-dist/tex/generic/babel/babel.sty
Package: babel 2024/01/07 v24.1 The Babel package
\babel@savecnt=\count274
\U@D=\dimen150
\l@unhyphenated=\language89

(/usr/share/texlive/texmf-dist/tex/generic/babel/txtbabel.def)
\bbl@readstream=\read2
\bbl@dirlevel=\count275

(/usr/share/texlive/texmf-dist/tex/generic/babel-english/british.ldf
Language: british 2017/06/06 v3.3r English support from the babel system

(/usr/share/texlive/texmf-dist/tex/generic/babel-english/english.ldf
Language: english 2017/06/06 v3.3r English support from the babel system
Package babel Info: Hyphen rules for 'canadian' set to \l@english
(babel)             (\language0). Reported on input line 102.
Package babel Info: Hyphen rules for 'australian' set to \l@ukenglish
(babel)             (\language20). Reported on input line 105.
Package babel Info: Hyphen rules for 'newzealand' set to \l@ukenglish
(babel)             (\language20). Reported on input line 108.
)))
(/usr/share/texlive/texmf-dist/tex/generic/babel/locale/en/babel-british.tex
Package babel Info: Importing font and identification data for british
(babel)             from babel-en-GB.ini. Reported on input line 11.
)
(/usr/share/texmf/tex/latex/tex-gyre/tgtermes.sty
Package: tgtermes 2009/09/27 v1.2 TeX Gyre Termes as default roman family

(/usr/share/texlive/texmf-dist/tex/latex/kvoptions/kvoptions.sty
Package: kvoptions 2022-06-15 v3.15 Key value format for package options (HO)

(/usr/share/texlive/texmf-dist/tex/latex/graphics/keyval.sty
Package: keyval 2022/05/29 v1.15 key=value parser (DPC)
\KV@toks@=\toks24
)
(/usr/share/texlive/texmf-dist/tex/generic/ltxcmds/ltxcmds.sty
Package: ltxcmds 2023-12-04 v1.26 LaTeX kernel commands for general use (HO)
)
(/usr/share/texlive/texmf-dist/tex/latex/kvsetkeys/kvsetkeys.sty
Package: kvsetkeys 2022-10-05 v1.19 Key value parser (HO)
)))
(/usr/share/texmf/tex/latex/tex-gyre/tgheros.sty
Package: tgheros 2009/09/27 v1.2 TeX Gyre Heros as default sans serif family
)
(/usr/share/texlive/texmf-dist/tex/latex/fncychap/fncychap.sty
Package: fncychap 2007/07/30 v1.34 LaTeX package (Revised chapters)
\RW=\skip53
\mylen=\skip54
\myhi=\skip55
\px=\skip56
\py=\skip57
\pyy=\skip58
\pxx=\skip59
) (./sphinx.sty
Package: sphinx 2024/10/11 v8.1.1 Sphinx LaTeX package (sphinx-doc)

(/usr/share/texlive/texmf-dist/tex/latex/xcolor/xcolor.sty
Package: xcolor 2023/11/15 v3.01 LaTeX color extensions (UK)

(/usr/share/texlive/texmf-dist/tex/latex/graphics-cfg/color.cfg
File: color.cfg 2016/01/02 v1.6 sample color configuration
)
Package xcolor Info: Driver file: pdftex.def on input line 274.

(/usr/share/texlive/texmf-dist/tex/latex/graphics-def/pdftex.def
File: pdftex.def 2022/09/22 v1.2b Graphics/color driver for pdftex
)
(/usr/share/texlive/texmf-dist/tex/latex/graphics/mathcolor.ltx)
Package xcolor Info: Model `cmy' substituted by `cmy0' on input line 1350.
Package xcolor Info: Model `hsb' substituted by `rgb' on input line 1354.
Package xcolor Info: Model `RGB' extended on input line 1366.
Package xcolor Info: Model `HTML' substituted by `rgb' on input line 1368.
Package xcolor Info: Model `Hsb' substituted by `hsb' on input line 1369.
Package xcolor Info: Model `tHsb' substituted by `hsb' on input line 1370.
Package xcolor Info: Model `HSB' substituted by `hsb' on input line 1371.
Package xcolor Info: Model `Gray' substituted by `gray' on input line 1372.
Package xcolor Info: Model `wave' substituted by `hsb' on input line 1373.
)
(./sphinxoptionshyperref.sty
Package: sphinxoptionshyperref 2021/01/27 hyperref
) (./sphinxoptionsgeometry.sty
Package: sphinxoptionsgeometry 2021/01/27 geometry
)
(/usr/share/texlive/texmf-dist/tex/latex/base/textcomp.sty
Package: textcomp 2020/02/02 v2.0n Standard LaTeX package
)
(/usr/share/texlive/texmf-dist/tex/latex/float/float.sty
Package: float 2001/11/08 v1.3d Float enhancements (AL)
\c@float@type=\count276
\float@exts=\toks25
\float@box=\box53
\@float@everytoks=\toks26
\@floatcapt=\box54
)
(/usr/share/texlive/texmf-dist/tex/latex/wrapfig/wrapfig.sty
\wrapoverhang=\dimen151
\WF@size=\dimen152
\c@WF@wrappedlines=\count277
\WF@box=\box55
\WF@everypar=\toks27
Package: wrapfig 2003/01/31  v 3.6
)
(/usr/share/texlive/texmf-dist/tex/latex/capt-of/capt-of.sty
Package: capt-of 2009/12/29 v0.2 standard captions outside of floats
)
(/usr/share/texlive/texmf-dist/tex/latex/tools/multicol.sty
Package: multicol 2023/03/30 v1.9f multicolumn formatting (FMi)
\c@tracingmulticols=\count278
\mult@box=\box56
\multicol@leftmargin=\dimen153
\c@unbalance=\count279
\c@collectmore=\count280
\doublecol@number=\count281
\multicoltolerance=\count282
\multicolpretolerance=\count283
\full@width=\dimen154
\page@free=\dimen155
\premulticols=\dimen156
\postmulticols=\dimen157
\multicolsep=\skip60
\multicolbaselineskip=\skip61
\partial@page=\box57
\last@line=\box58
\mc@boxedresult=\box59
\maxbalancingoverflow=\dimen158
\mult@rightbox=\box60
\mult@grightbox=\box61
\mult@firstbox=\box62
\mult@gfirstbox=\box63
\@tempa=\box64
\@tempa=\box65
\@tempa=\box66
\@tempa=\box67
\@tempa=\box68
\@tempa=\box69
\@tempa=\box70
\@tempa=\box71
\@tempa=\box72
\@tempa=\box73
\@tempa=\box74
\@tempa=\box75
\@tempa=\box76
\@tempa=\box77
\@tempa=\box78
\@tempa=\box79
\@tempa=\box80
\@tempa=\box81
\@tempa=\box82
\@tempa=\box83
\@tempa=\box84
\@tempa=\box85
\@tempa=\box86
\@tempa=\box87
\@tempa=\box88
\@tempa=\box89
\@tempa=\box90
\@tempa=\box91
\@tempa=\box92
\@tempa=\box93
\@tempa=\box94
\@tempa=\box95
\@tempa=\box96
\@tempa=\box97
\@tempa=\box98
\@tempa=\box99
\c@minrows=\count284
\c@columnbadness=\count285
\c@finalcolumnbadness=\count286
\last@try=\dimen159
\multicolovershoot=\dimen160
\multicolundershoot=\dimen161
\mult@nat@firstbox=\box100
\colbreak@box=\box101
\mc@col@check@num=\count287
)
(/usr/share/texlive/texmf-dist/tex/latex/graphics/graphicx.sty
Package: graphicx 2021/09/16 v1.2d Enhanced LaTeX Graphics (DPC,SPQR)

(/usr/share/texlive/texmf-dist/tex/latex/graphics/graphics.sty
Package: graphics 2022/03/10 v1.4e Standard LaTeX Graphics (DPC,SPQR)

(/usr/share/texlive/texmf-dist/tex/latex/graphics/trig.sty
Package: trig 2021/08/11 v1.11 sin cos tan (DPC)
)
(/usr/share/texlive/texmf-dist/tex/latex/graphics-cfg/graphics.cfg
File: graphics.cfg 2016/06/04 v1.11 sample graphics configuration
)
Package graphics Info: Driver file: pdftex.def on input line 107.
)
\Gin@req@height=\dimen162
\Gin@req@width=\dimen163
)
(./sphinxlatexgraphics.sty
Package: sphinxlatexgraphics 2024/08/13 v8.1.0 graphics
\spx@image@maxheight=\dimen164
\spx@image@box=\box102
) (./sphinxpackageboxes.sty
Package: sphinxpackageboxes 2024/07/01 v7.4.0 advanced colored boxes

(/usr/share/texlive/texmf-dist/tex/latex/pict2e/pict2e.sty
Package: pict2e 2020/09/30 v0.4b Improved picture commands (HjG,RN,JT)

(/usr/share/texlive/texmf-dist/tex/latex/pict2e/pict2e.cfg
File: pict2e.cfg 2016/02/05 v0.1u pict2e configuration for teTeX/TeXLive
)
Package pict2e Info: Driver file: pdftex.def on input line 112.
Package pict2e Info: Driver file for pict2e: p2e-pdftex.def on input line 114.

(/usr/share/texlive/texmf-dist/tex/latex/pict2e/p2e-pdftex.def
File: p2e-pdftex.def 2016/02/05 v0.1u Driver-dependant file (RN,HjG,JT)
)
\pIIe@GRAPH=\toks28
\@arclen=\dimen165
\@arcrad=\dimen166
\pIIe@tempdima=\dimen167
\pIIe@tempdimb=\dimen168
\pIIe@tempdimc=\dimen169
\pIIe@tempdimd=\dimen170
\pIIe@tempdime=\dimen171
\pIIe@tempdimf=\dimen172
)
(/usr/share/texlive/texmf-dist/tex/latex/ellipse/ellipse.sty
Package: ellipse 2004/11/05 v1.0 .dtx ellipse file
)
\@tempdimd=\dimen173
\spx@tempboxa=\box103
\spx@tempboxb=\box104
\spx@boxes@border@top=\dimen174
\spx@boxes@border@right=\dimen175
\spx@boxes@border@bottom=\dimen176
\spx@boxes@border@left=\dimen177
\spx@boxes@padding@top=\dimen178
\spx@boxes@padding@right=\dimen179
\spx@boxes@padding@bottom=\dimen180
\spx@boxes@padding@left=\dimen181
\spx@boxes@shadow@xoffset=\dimen182
\spx@boxes@shadow@yoffset=\dimen183
\spx@boxes@radius@topleft@x=\dimen184
\spx@boxes@radius@topright@x=\dimen185
\spx@boxes@radius@bottomright@x=\dimen186
\spx@boxes@radius@bottomleft@x=\dimen187
\spx@boxes@radius@topleft@y=\dimen188
\spx@boxes@radius@topright@y=\dimen189
\spx@boxes@radius@bottomright@y=\dimen190
\spx@boxes@radius@bottomleft@y=\dimen191
)
(./sphinxlatexadmonitions.sty
Package: sphinxlatexadmonitions 2024/10/11 v8.1.1 admonitions

(/usr/share/texlive/texmf-dist/tex/latex/framed/framed.sty
Package: framed 2011/10/22 v 0.96: framed or shaded text with page breaks
\OuterFrameSep=\skip62
\fb@frw=\dimen192
\fb@frh=\dimen193
\FrameRule=\dimen194
\FrameSep=\dimen195
)
(./sphinxpackagefootnote.sty
Package: sphinxpackagefootnote 2024/05/17 v7.3.x Sphinx custom footnotehyper pa
ckage (Sphinx team)
\FNH@notes=\box105
\FNH@toks=\toks29
\FNH@width=\dimen196
\c@sphinxfootnotemark=\count288
)
\spx@notice@border=\dimen197
\c@sphinxtodo=\count289
) (./sphinxlatexliterals.sty
Package: sphinxlatexliterals 2024/07/01 v7.4.0 code-blocks and parsed literals

(/usr/share/texlive/texmf-dist/tex/latex/fancyvrb/fancyvrb.sty
Package: fancyvrb 2024/01/20 4.5c verbatim text (tvz,hv)
\FV@CodeLineNo=\count290
\FV@InFile=\read3
\FV@TabBox=\box106
\c@FancyVerbLine=\count291
\FV@StepNumber=\count292
\FV@OutFile=\write3
)
(/usr/share/texlive/texmf-dist/tex/latex/base/alltt.sty
Package: alltt 2021/01/29 v2.0g defines alltt environment
)
(/usr/share/texlive/texmf-dist/tex/latex/upquote/upquote.sty
Package: upquote 2012/04/19 v1.3 upright-quote and grave-accent glyphs in verba
tim
)
(/usr/share/texlive/texmf-dist/tex/latex/needspace/needspace.sty
Package: needspace 2010/09/12 v1.3d reserve vertical space
)
\sphinxcontinuationbox=\box107
\sphinxvisiblespacebox=\box108
\sphinxVerbatim@TitleBox=\box109
\sphinxVerbatim@ContentsBox=\box110
)
(./sphinxlatexshadowbox.sty
Package: sphinxlatexshadowbox 2024/07/28 v8.1.0 sphinxShadowBox
) (./sphinxlatexcontainers.sty
Package: sphinxlatexcontainers 2021/05/03 containers
)
(./sphinxhighlight.sty
Package: sphinxhighlight 2022/06/30 stylesheet for highlighting with pygments
) (./sphinxlatextables.sty
Package: sphinxlatextables 2024/07/01 v7.4.0 tables

(/usr/share/texlive/texmf-dist/tex/latex/tabulary/tabulary.sty
Package: tabulary 2014/06/11 v0.10 tabulary package (DPC)

(/usr/share/texlive/texmf-dist/tex/latex/tools/array.sty
Package: array 2023/10/16 v2.5g Tabular extension package (FMi)
\col@sep=\dimen198
\ar@mcellbox=\box111
\extrarowheight=\dimen199
\NC@list=\toks30
\extratabsurround=\skip63
\backup@length=\skip64
\ar@cellbox=\box112
)
\TY@count=\count293
\TY@linewidth=\dimen256
\tymin=\dimen257
\tymax=\dimen258
\TY@tablewidth=\dimen259
)
(/usr/share/texlive/texmf-dist/tex/latex/tools/longtable.sty
Package: longtable 2023-11-01 v4.19 Multi-page Table package (DPC)
\LTleft=\skip65
\LTright=\skip66
\LTpre=\skip67
\LTpost=\skip68
\LTchunksize=\count294
\LTcapwidth=\dimen260
\LT@head=\box113
\LT@firsthead=\box114
\LT@foot=\box115
\LT@lastfoot=\box116
\LT@gbox=\box117
\LT@cols=\count295
\LT@rows=\count296
\c@LT@tables=\count297
\c@LT@chunks=\count298
\LT@p@ftn=\toks31
)
(/usr/share/texlive/texmf-dist/tex/latex/varwidth/varwidth.sty
Package: varwidth 2009/03/30 ver 0.92;  Variable-width minipages
\@vwid@box=\box118
\sift@deathcycles=\count299
\@vwid@loff=\dimen261
\@vwid@roff=\dimen262
)
\sphinx@TY@tablewidth=\dimen263

(/usr/share/texlive/texmf-dist/tex/latex/colortbl/colortbl.sty
Package: colortbl 2022/06/20 v1.0f Color table columns (DPC)
\everycr=\toks32
\minrowclearance=\skip69
\rownum=\count300
)
(/usr/share/texlive/texmf-dist/tex/latex/booktabs/booktabs.sty
Package: booktabs 2020/01/12 v1.61803398 Publication quality tables
\heavyrulewidth=\dimen264
\lightrulewidth=\dimen265
\cmidrulewidth=\dimen266
\belowrulesep=\dimen267
\belowbottomsep=\dimen268
\aboverulesep=\dimen269
\abovetopsep=\dimen270
\cmidrulesep=\dimen271
\cmidrulekern=\dimen272
\defaultaddspace=\dimen273
\@cmidla=\count301
\@cmidlb=\count302
\@aboverulesep=\dimen274
\@belowrulesep=\dimen275
\@thisruleclass=\count303
\@lastruleclass=\count304
\@thisrulewidth=\dimen276
))
(./sphinxlatexnumfig.sty
Package: sphinxlatexnumfig 2024/07/31 v8.1.0 numbering
) (./sphinxlatexlists.sty
Package: sphinxlatexlists 2021/12/20 lists
\spx@lineitemlabel=\toks33
)
\c@sphinxscope=\count305
 (./sphinxlatexindbibtoc.sty
Package: sphinxlatexindbibtoc 2021/01/27 index, bib., toc

(/usr/share/texlive/texmf-dist/tex/latex/base/makeidx.sty
Package: makeidx 2021/10/04 v1.0m Standard LaTeX package
))
(./sphinxlatexstylepage.sty
Package: sphinxlatexstylepage 2021/01/27 page styling

(/usr/share/texlive/texmf-dist/tex/latex/parskip/parskip.sty
Package: parskip 2021-03-14 v2.0h non-zero parskip adjustments

(/usr/share/texlive/texmf-dist/tex/latex/etoolbox/etoolbox.sty
Package: etoolbox 2020/10/05 v2.5k e-TeX tools for LaTeX (JAW)
\etb@tempcnta=\count306
))
(/usr/share/texlive/texmf-dist/tex/latex/fancyhdr/fancyhdr.sty
Package: fancyhdr 2022/11/09 v4.1 Extensive control of page headers and footers

\f@nch@headwidth=\skip70
\f@nch@O@elh=\skip71
\f@nch@O@erh=\skip72
\f@nch@O@olh=\skip73
\f@nch@O@orh=\skip74
\f@nch@O@elf=\skip75
\f@nch@O@erf=\skip76
\f@nch@O@olf=\skip77
\f@nch@O@orf=\skip78
))
(./sphinxlatexstyleheadings.sty
Package: sphinxlatexstyleheadings 2023/02/11 headings

(/usr/share/texlive/texmf-dist/tex/latex/titlesec/titlesec.sty
Package: titlesec 2023/10/27 v2.16 Sectioning titles
\ttl@box=\box119
\beforetitleunit=\skip79
\aftertitleunit=\skip80
\ttl@plus=\dimen277
\ttl@minus=\dimen278
\ttl@toksa=\toks34
\titlewidth=\dimen279
\titlewidthlast=\dimen280
\titlewidthfirst=\dimen281
))
(./sphinxlatexstyletext.sty
Package: sphinxlatexstyletext 2024/07/28 v8.1.0 text styling
) (./sphinxlatexobjects.sty
Package: sphinxlatexobjects 2023/07/23 documentation environments
\sphinxsignaturesep=\skip81
\sphinxsignaturelistskip=\skip82
\py@argswidth=\skip83
\lineblockindentation=\skip84
\DUlineblockindent=\skip85
))
(/usr/share/texlive/texmf-dist/tex/latex/geometry/geometry.sty
Package: geometry 2020/01/02 v5.9 Page Geometry

(/usr/share/texlive/texmf-dist/tex/generic/iftex/ifvtex.sty
Package: ifvtex 2019/10/25 v1.7 ifvtex legacy package. Use iftex instead.

(/usr/share/texlive/texmf-dist/tex/generic/iftex/iftex.sty
Package: iftex 2022/02/03 v1.0f TeX engine tests
))
\Gm@cnth=\count307
\Gm@cntv=\count308
\c@Gm@tempcnt=\count309
\Gm@bindingoffset=\dimen282
\Gm@wd@mp=\dimen283
\Gm@odd@mp=\dimen284
\Gm@even@mp=\dimen285
\Gm@layoutwidth=\dimen286
\Gm@layoutheight=\dimen287
\Gm@layouthoffset=\dimen288
\Gm@layoutvoffset=\dimen289
\Gm@dimlist=\toks35
)
(/usr/share/texlive/texmf-dist/tex/latex/hyperref/hyperref.sty
Package: hyperref 2024-01-20 v7.01h Hypertext links for LaTeX

(/usr/share/texlive/texmf-dist/tex/generic/kvdefinekeys/kvdefinekeys.sty
Package: kvdefinekeys 2019-12-19 v1.6 Define keys (HO)
)
(/usr/share/texlive/texmf-dist/tex/generic/pdfescape/pdfescape.sty
Package: pdfescape 2019/12/09 v1.15 Implements pdfTeX's escape features (HO)

(/usr/share/texlive/texmf-dist/tex/generic/pdftexcmds/pdftexcmds.sty
Package: pdftexcmds 2020-06-27 v0.33 Utility functions of pdfTeX for LuaTeX (HO
)

(/usr/share/texlive/texmf-dist/tex/generic/infwarerr/infwarerr.sty
Package: infwarerr 2019/12/03 v1.5 Providing info/warning/error messages (HO)
)
Package pdftexcmds Info: \pdf@primitive is available.
Package pdftexcmds Info: \pdf@ifprimitive is available.
Package pdftexcmds Info: \pdfdraftmode found.
))
(/usr/share/texlive/texmf-dist/tex/latex/hycolor/hycolor.sty
Package: hycolor 2020-01-27 v1.10 Color options for hyperref/bookmark (HO)
)
(/usr/share/texlive/texmf-dist/tex/latex/auxhook/auxhook.sty
Package: auxhook 2019-12-17 v1.6 Hooks for auxiliary files (HO)
)
(/usr/share/texlive/texmf-dist/tex/latex/hyperref/nameref.sty
Package: nameref 2023-11-26 v2.56 Cross-referencing by name of section

(/usr/share/texlive/texmf-dist/tex/latex/refcount/refcount.sty
Package: refcount 2019/12/15 v3.6 Data extraction from label references (HO)
)
(/usr/share/texlive/texmf-dist/tex/generic/gettitlestring/gettitlestring.sty
Package: gettitlestring 2019/12/15 v1.6 Cleanup title references (HO)
)
\c@section@level=\count310
)
\@linkdim=\dimen290
\Hy@linkcounter=\count311
\Hy@pagecounter=\count312

(/usr/share/texlive/texmf-dist/tex/latex/hyperref/pd1enc.def
File: pd1enc.def 2024-01-20 v7.01h Hyperref: PDFDocEncoding definition (HO)
Now handling font encoding PD1 ...
... no UTF-8 mapping file for font encoding PD1
)
(/usr/share/texlive/texmf-dist/tex/generic/intcalc/intcalc.sty
Package: intcalc 2019/12/15 v1.3 Expandable calculations with integers (HO)
)
\Hy@SavedSpaceFactor=\count313

(/usr/share/texlive/texmf-dist/tex/latex/hyperref/puenc.def
File: puenc.def 2024-01-20 v7.01h Hyperref: PDF Unicode definition (HO)
Now handling font encoding PU ...
... no UTF-8 mapping file for font encoding PU
)
Package hyperref Info: Option `unicode' set `true' on input line 4062.
Package hyperref Info: Option `colorlinks' set `true' on input line 4062.
Package hyperref Info: Option `breaklinks' set `true' on input line 4062.
Package hyperref Info: Hyper figures OFF on input line 4179.
Package hyperref Info: Link nesting OFF on input line 4184.
Package hyperref Info: Hyper index ON on input line 4187.
Package hyperref Info: Plain pages OFF on input line 4194.
Package hyperref Info: Backreferencing OFF on input line 4199.
Package hyperref Info: Implicit mode ON; LaTeX internals redefined.
Package hyperref Info: Bookmarks ON on input line 4446.
\c@Hy@tempcnt=\count314

(/usr/share/texlive/texmf-dist/tex/latex/url/url.sty
\Urlmuskip=\muskip17
Package: url 2013/09/16  ver 3.4  Verb mode for urls, etc.
)
LaTeX Info: Redefining \url on input line 4784.
\XeTeXLinkMargin=\dimen291

(/usr/share/texlive/texmf-dist/tex/generic/bitset/bitset.sty
Package: bitset 2019/12/09 v1.3 Handle bit-vector datatype (HO)

(/usr/share/texlive/texmf-dist/tex/generic/bigintcalc/bigintcalc.sty
Package: bigintcalc 2019/12/15 v1.5 Expandable calculations on big integers (HO
)
))
\Fld@menulength=\count315
\Field@Width=\dimen292
\Fld@charsize=\dimen293
Package hyperref Info: Hyper figures OFF on input line 6063.
Package hyperref Info: Link nesting OFF on input line 6068.
Package hyperref Info: Hyper index ON on input line 6071.
Package hyperref Info: backreferencing OFF on input line 6078.
Package hyperref Info: Link coloring ON on input line 6081.
Package hyperref Info: Link coloring with OCG OFF on input line 6088.
Package hyperref Info: PDF/A mode OFF on input line 6093.

(/usr/share/texlive/texmf-dist/tex/latex/base/atbegshi-ltx.sty
Package: atbegshi-ltx 2021/01/10 v1.0c Emulation of the original atbegshi
package with kernel methods
)
\Hy@abspage=\count316
\c@Item=\count317
\c@Hfootnote=\count318
)
Package hyperref Info: Driver (autodetected): hpdftex.

(/usr/share/texlive/texmf-dist/tex/latex/hyperref/hpdftex.def
File: hpdftex.def 2024-01-20 v7.01h Hyperref driver for pdfTeX

(/usr/share/texlive/texmf-dist/tex/latex/base/atveryend-ltx.sty
Package: atveryend-ltx 2020/08/19 v1.0a Emulation of the original atveryend pac
kage
with kernel methods
)
\Fld@listcount=\count319
\c@bookmark@seq@number=\count320

(/usr/share/texlive/texmf-dist/tex/latex/rerunfilecheck/rerunfilecheck.sty
Package: rerunfilecheck 2022-07-10 v1.10 Rerun checks for auxiliary files (HO)

(/usr/share/texlive/texmf-dist/tex/generic/uniquecounter/uniquecounter.sty
Package: uniquecounter 2019/12/15 v1.4 Provide unlimited unique counter (HO)
)
Package uniquecounter Info: New unique counter `rerunfilecheck' on input line 2
85.
)
\Hy@SectionHShift=\skip86
)
(/usr/share/texlive/texmf-dist/tex/latex/oberdiek/hypcap.sty
Package: hypcap 2016/05/16 v1.12 Adjusting the anchors of captions (HO)

(/usr/share/texlive/texmf-dist/tex/latex/letltxmacro/letltxmacro.sty
Package: letltxmacro 2019/12/03 v1.6 Let assignment for LaTeX macros (HO)
))
(./sphinxmessages.sty
Package: sphinxmessages 2019/01/04 v2.0 Localized LaTeX macros (Sphinx team)
)
\@indexfile=\write4
\openout4 = `notes-part1.idx'.


Writing index file notes-part1.idx
LaTeX Font Info:    Trying to load font information for T1+qtm on input line 74
.
(/usr/share/texmf/tex/latex/tex-gyre/t1qtm.fd
File: t1qtm.fd 2009/09/25 v1.2 font definition file for T1/qtm
)
(/usr/share/texlive/texmf-dist/tex/latex/l3backend/l3backend-pdftex.def
File: l3backend-pdftex.def 2024-01-04 L3 backend support: PDF output (pdfTeX)
\l__color_backend_stack_int=\count321
\l__pdf_internal_box=\box120
)
(./notes-part1.aux)
\openout1 = `notes-part1.aux'.

LaTeX Font Info:    Checking defaults for OML/cmm/m/it on input line 74.
LaTeX Font Info:    ... okay on input line 74.
LaTeX Font Info:    Checking defaults for OMS/cmsy/m/n on input line 74.
LaTeX Font Info:    ... okay on input line 74.
LaTeX Font Info:    Checking defaults for OT1/cmr/m/n on input line 74.
LaTeX Font Info:    ... okay on input line 74.
LaTeX Font Info:    Checking defaults for T1/cmr/m/n on input line 74.
LaTeX Font Info:    ... okay on input line 74.
LaTeX Font Info:    Checking defaults for TS1/cmr/m/n on input line 74.
LaTeX Font Info:    ... okay on input line 74.
LaTeX Font Info:    Checking defaults for OMX/cmex/m/n on input line 74.
LaTeX Font Info:    ... okay on input line 74.
LaTeX Font Info:    Checking defaults for U/cmr/m/n on input line 74.
LaTeX Font Info:    ... okay on input line 74.
LaTeX Font Info:    Checking defaults for PD1/pdf/m/n on input line 74.
LaTeX Font Info:    ... okay on input line 74.
LaTeX Font Info:    Checking defaults for PU/pdf/m/n on input line 74.
LaTeX Font Info:    ... okay on input line 74.

(/usr/share/texlive/texmf-dist/tex/context/base/mkii/supp-pdf.mkii
[Loading MPS to PDF converter (version 2006.09.02).]
\scratchcounter=\count322
\scratchdimen=\dimen294
\scratchbox=\box121
\nofMPsegments=\count323
\nofMParguments=\count324
\everyMPshowfont=\toks36
\MPscratchCnt=\count325
\MPscratchDim=\dimen295
\MPnumerator=\count326
\makeMPintoPDFobject=\count327
\everyMPtoPDFconversion=\toks37
) (/usr/share/texlive/texmf-dist/tex/latex/epstopdf-pkg/epstopdf-base.sty
Package: epstopdf-base 2020-01-24 v2.11 Base part for package epstopdf
Package epstopdf-base Info: Redefining graphics rule for `.eps' on input line 4
85.

(/usr/share/texlive/texmf-dist/tex/latex/latexconfig/epstopdf-sys.cfg
File: epstopdf-sys.cfg 2010/07/13 v1.3 Configuration of (r)epstopdf for TeX Liv
e
))
(/usr/share/texlive/texmf-dist/tex/latex/fontawesome5/fontawesome5.sty
(/usr/share/texlive/texmf-dist/tex/latex/l3kernel/expl3.sty
Package: expl3 2024-01-22 L3 programming layer (loader) 
)
Package: fontawesome5 2022/05/02 v5.15.4 Font Awesome 5

(/usr/share/texlive/texmf-dist/tex/latex/l3packages/l3keys2e/l3keys2e.sty
Package: l3keys2e 2023-10-10 LaTeX2e option processing using LaTeX3 keys
)
(/usr/share/texlive/texmf-dist/tex/latex/l3packages/xparse/xparse.sty
Package: xparse 2023-10-10 L3 Experimental document command parser
)
(/usr/share/texlive/texmf-dist/tex/latex/fontawesome5/fontawesome5-generic-help
er.sty
Package: fontawesome5-generic-helper 2022/05/02 v5.15.4 non-uTeX helper for fon
tawesome5

(/usr/share/texlive/texmf-dist/tex/latex/fontawesome5/fontawesome5-mapping.def)
))
\c@literalblock=\count328

*geometry* driver: auto-detecting
*geometry* detected driver: pdftex
*geometry* verbose mode - [ preamble ] result:
* driver: pdftex
* paper: letterpaper
* layout: <same size as paper>
* layoutoffset:(h,v)=(0.0pt,0.0pt)
* modes: twoside 
* h-part:(L,W,R)=(72.26999pt, 469.75502pt, 72.26999pt)
* v-part:(T,H,B)=(72.26999pt, 650.43001pt, 72.26999pt)
* \paperwidth=614.295pt
* \paperheight=794.96999pt
* \textwidth=469.75502pt
* \textheight=650.43001pt
* \oddsidemargin=0.0pt
* \evensidemargin=0.0pt
* \topmargin=-37.0pt
* \headheight=12.0pt
* \headsep=25.0pt
* \topskip=10.0pt
* \footskip=30.0pt
* \marginparwidth=36.135pt
* \marginparsep=11.0pt
* \columnsep=10.0pt
* \skip\footins=9.0pt plus 4.0pt minus 2.0pt
* \hoffset=0.0pt
* \voffset=0.0pt
* \mag=1000
* \@twocolumnfalse
* \@twosidetrue
* \@mparswitchtrue
* \@reversemarginfalse
* (1in=72.27pt=25.4mm, 1cm=28.453pt)

Package hyperref Info: Link coloring ON on input line 74.
\@outlinefile=\write5
\openout5 = `notes-part1.out'.

Package hyperref Info: Option `pageanchor' set `false' on input line 82.
LaTeX Font Info:    Trying to load font information for T1+qhv on input line 82
.
(/usr/share/texmf/tex/latex/tex-gyre/t1qhv.fd
File: t1qhv.fd 2009/09/25 v1.2 font definition file for T1/qhv
)<<ot1.cmap>><<oml.cmap>><<oms.cmap>><<omx.cmap>>
LaTeX Font Info:    Trying to load font information for U+msa on input line 82.

 (/usr/share/texlive/texmf-dist/tex/latex/amsfonts/umsa.fd
File: umsa.fd 2013/01/14 v3.01 AMS symbols A
)
LaTeX Font Info:    Trying to load font information for U+msb on input line 82.


(/usr/share/texlive/texmf-dist/tex/latex/amsfonts/umsb.fd
File: umsb.fd 2013/01/14 v3.01 AMS symbols B
) [1

{/var/lib/texmf/fonts/map/pdftex/updmap/pdftex.map}{/usr/share/texmf/fonts/enc/
dvips/tex-gyre/q-ec.enc}] [2


]
No file notes-part1.toc.
\tf@toc=\write6
\openout6 = `notes-part1.toc'.

[1

] [2

] [1] [2

]
Chapter 1.
LaTeX Font Info:    Trying to load font information for TS1+qtm on input line 1
34.
(/usr/share/texmf/tex/latex/tex-gyre/ts1qtm.fd
File: ts1qtm.fd 2009/09/25 v1.2 font definition file for TS1/qtm
) [3{/usr/share/texmf/fonts/enc/dvips/tex-gyre/q-ts1.enc}]
LaTeX Font Info:    Trying to load font information for T1+txtt on input line 1
57.

(/usr/share/texlive/texmf-dist/tex/latex/txfonts/t1txtt.fd
File: t1txtt.fd 2000/12/15 v3.1
)
LaTeX Font Info:    Font shape `T1/txtt/b/n' in size <10> not available
(Font)              Font shape `T1/txtt/bx/n' tried instead on input line 158.
LaTeX Font Info:    Trying to load font information for U+fontawesomefree1 on i
nput line 201.

(/usr/share/texlive/texmf-dist/tex/latex/fontawesome5/ufontawesomefree1.fd)
[4{/usr/share/texlive/texmf-dist/fonts/enc/dvips/fontawesome5/fa5free1.enc}]

LaTeX Warning: Hyper reference `chapters/software_development_tools:software-to
ols' on page 5 undefined on input line 219.


LaTeX Warning: Hyper reference `chapters/computer_software/gui_and_cli:cli' on 
page 5 undefined on input line 251.

[5] [6]
Chapter 2.
<computer_parts.png, id=75, 383.2719pt x 255.1131pt>
File: computer_parts.png Graphic file (type png)
<use computer_parts.png>
Package pdftex.def Info: computer_parts.png  used on input line 296.
(pdftex.def)             Requested size: 469.77826pt x 312.71286pt.
[7

] [8 <./computer_parts.png>]
Chapter 3.

LaTeX Warning: Hyper reference `chapters/programming_fundamentals:programming-f
undamentals' on page 9 undefined on input line 323.

<windows_desktop.png, id=87, 408.5664pt x 274.8669pt>
File: windows_desktop.png Graphic file (type png)
<use windows_desktop.png>
Package pdftex.def Info: windows_desktop.png  used on input line 348.
(pdftex.def)             Requested size: 469.7542pt x 316.05672pt.
[9

]
<macos_desktop.png, id=96, 483.7272pt x 272.217pt>
File: macos_desktop.png Graphic file (type png)
<use macos_desktop.png>
Package pdftex.def Info: macos_desktop.png  used on input line 360.
(pdftex.def)             Requested size: 469.76102pt x 264.39905pt.
<linux_desktop.png, id=97, 362.7954pt x 274.8669pt>
File: linux_desktop.png Graphic file (type png)
<use linux_desktop.png>
Package pdftex.def Info: linux_desktop.png  used on input line 381.
(pdftex.def)             Requested size: 469.7684pt x 355.9722pt.
 [10 <./windows_desktop.png>] [11 <./macos_desktop.png> <./linux_desktop.png>]
<desktop.png, id=116, 406.6392pt x 271.0125pt>
File: desktop.png Graphic file (type png)
<use desktop.png>
Package pdftex.def Info: desktop.png  used on input line 447.
(pdftex.def)             Requested size: 469.76591pt x 313.0969pt.
<gui_windows.png, id=117, 406.6392pt x 271.9761pt>
File: gui_windows.png Graphic file (type png)
<use gui_windows.png>
Package pdftex.def Info: gui_windows.png  used on input line 456.
(pdftex.def)             Requested size: 469.76591pt x 314.20596pt.
 [12] [13 <./desktop.png> <./gui_windows.png>]
<terminal.png, id=132, 481.8pt x 266.1945pt>
File: terminal.png Graphic file (type png)
<use terminal.png>
Package pdftex.def Info: terminal.png  used on input line 480.
(pdftex.def)             Requested size: 469.77148pt x 259.56499pt.
 [14 <./terminal.png>]

! LaTeX Error: Unknown graphics extension: .svg.

See the LaTeX manual or LaTeX Companion for explanation.
Type  H <return>  for immediate help.
 ...                                              
                                                  
l.553 ...inxpxdimen]{{GitHub_Invertocat_Dark}.svg}
                                                  ) icon at the top of the p...

? 

! LaTeX Error: Unknown graphics extension: .svg.

See the LaTeX manual or LaTeX Companion for explanation.
Type  H <return>  for immediate help.
 ...                                              
                                                  
l.553 ...inxpxdimen]{{GitHub_Invertocat_Dark}.svg}
                                                  ) icon at the top of the p...

? 
<tree_view.png, id=142, 64.5612pt x 222.3507pt>
File: tree_view.png Graphic file (type png)
<use tree_view.png>
Package pdftex.def Info: tree_view.png  used on input line 558.
(pdftex.def)             Requested size: 188.85698pt x 650.53769pt.
[15]
<file_explorer.png, id=151, 480.8364pt x 271.0125pt>
File: file_explorer.png Graphic file (type png)
<use file_explorer.png>
Package pdftex.def Info: file_explorer.png  used on input line 587.
(pdftex.def)             Requested size: 469.77107pt x 264.78818pt.
 [16] [17 <./tree_view.png>] [18 <./file_explorer.png>]
File: tree_view.png Graphic file (type png)
<use tree_view.png>
Package pdftex.def Info: tree_view.png  used on input line 745.
(pdftex.def)             Requested size: 188.85698pt x 650.53769pt.
 [19] [20]
Chapter 4.
[21

] [22] [23] [24]
Chapter 5.
[25

]
<ide.png, id=214, 483.0045pt x 239.6955pt>
File: ide.png Graphic file (type png)
<use ide.png>
Package pdftex.def Info: ide.png  used on input line 998.
(pdftex.def)             Requested size: 469.75197pt x 233.1261pt.
LaTeX Font Info:    Font shape `T1/txtt/m/it' in size <10> not available
(Font)              Font shape `T1/txtt/m/sl' tried instead on input line 1.
 [26 <./ide.png>]
LaTeX Font Info:    Trying to load font information for TS1+txtt on input line 
1037.

(/usr/share/texlive/texmf-dist/tex/latex/txfonts/ts1txtt.fd
File: ts1txtt.fd 2000/12/15 v3.1
)
LaTeX Font Info:    Font shape `TS1/txtt/m/it' in size <10> not available
(Font)              Font shape `TS1/txtt/m/sl' tried instead on input line 1037
.


LaTeX Warning: Hyper reference `chapters/software_development_tools/documentati
on_tools:documentation-tools' on page 27 undefined on input line 1066.


LaTeX Warning: Hyper reference `chapters/software_development_tools/automated_t
esting:unit-testing' on page 27 undefined on input line 1093.

[27{/usr/share/texlive/texmf-dist/fonts/enc/dvips/base/8r.enc}]

! LaTeX Error: Unknown graphics extension: .svg.

See the LaTeX manual or LaTeX Companion for explanation.
Type  H <return>  for immediate help.
 ...                                              
                                                  
l.1144 ...xpxdimen]{{GitHub_Invertocat_Dark1}.svg}
                                                  ) icon at the top of the p...

? 

! LaTeX Error: Unknown graphics extension: .svg.

See the LaTeX manual or LaTeX Companion for explanation.
Type  H <return>  for immediate help.
 ...                                              
                                                  
l.1144 ...xpxdimen]{{GitHub_Invertocat_Dark1}.svg}
                                                  ) icon at the top of the p...

? 
[28]
<linting.png, id=242, 405.6756pt x 271.0125pt>
File: linting.png Graphic file (type png)
<use linting.png>
Package pdftex.def Info: linting.png  used on input line 1170.
(pdftex.def)             Requested size: 469.77312pt x 313.8702pt.
<debugger.png, id=243, 405.6756pt x 271.0125pt>
File: debugger.png Graphic file (type png)
<use debugger.png>
Package pdftex.def Info: debugger.png  used on input line 1193.
(pdftex.def)             Requested size: 469.77312pt x 313.8702pt.
 [29 <./linting.png>] [30 <./debugger.png>]

LaTeX Warning: Hyper reference `chapters/computer_hardware:computer-hardware' o
n page 31 undefined on input line 1231.


LaTeX Warning: Hyper reference `chapters/software_development_tools/pseudocode:
pseudocode' on page 31 undefined on input line 1265.

[31]
<version_control.png, id=266, 406.1574pt x 271.0125pt>
File: version_control.png Graphic file (type png)
<use version_control.png>
Package pdftex.def Info: version_control.png  used on input line 1311.
(pdftex.def)             Requested size: 469.75468pt x 313.48148pt.
 [32]
<git_workflow.png, id=277, 444.4605pt x 218.4963pt>
File: git_workflow.png Graphic file (type png)
<use git_workflow.png>
Package pdftex.def Info: git_workflow.png  used on input line 1367.
(pdftex.def)             Requested size: 469.77628pt x 230.9515pt.
 [33 <./version_control.png>] [34 <./git_workflow.png>] [35]

LaTeX Warning: Hyper reference `chapters/computer_software/files_and_folders:fi
les-folders-filesystems' on page 36 undefined on input line 1512.


LaTeX Warning: Hyper reference `chapters/software_lifecycle/software_architectu
re:software-architecture' on page 36 undefined on input line 1521.


LaTeX Warning: Hyper reference `chapters/software_development_tools/version_con
trol:version-control' on page 36 undefined on input line 1547.


LaTeX Warning: Hyper reference `chapters/software_development_tools/automated_t
esting:automated-testing' on page 36 undefined on input line 1547.

[36] [37] [38]
LaTeX Font Info:    Trying to load font information for U+fontawesomefree2 on i
nput line 1764.

(/usr/share/texlive/texmf-dist/tex/latex/fontawesome5/ufontawesomefree2.fd)
[39{/usr/share/texlive/texmf-dist/fonts/enc/dvips/fontawesome5/fa5free2.enc}]

LaTeX Warning: Hyper reference `chapters/software_development_tools/licensing:s
oftware-licenses' on page 40 undefined on input line 1777.

[40]

! LaTeX Error: Unknown graphics extension: .svg.

See the LaTeX manual or LaTeX Companion for explanation.
Type  H <return>  for immediate help.
 ...                                              
                                                  
l.1845 ...xpxdimen]{{GitHub_Invertocat_Dark1}.svg}
                                                  ) icon to view the source ...

? 

! LaTeX Error: Unknown graphics extension: .svg.

See the LaTeX manual or LaTeX Companion for explanation.
Type  H <return>  for immediate help.
 ...                                              
                                                  
l.1845 ...xpxdimen]{{GitHub_Invertocat_Dark1}.svg}
                                                  ) icon to view the source ...

? 
[41] [42]
Chapter 6.

LaTeX Warning: Hyper reference `chapters/software_development_tools/pseudocode:
pseudocode' on page 43 undefined on input line 1929.


LaTeX Warning: Hyper reference `chapters/programming_fundamentals/stack_and_hea
p:stack-and-heap' on page 43 undefined on input line 1932.


LaTeX Warning: Hyper reference `chapters/programming_fundamentals/variables:var
iables' on page 43 undefined on input line 1935.


LaTeX Warning: Hyper reference `chapters/programming_fundamentals/functions:fun
ctions' on page 43 undefined on input line 1935.


LaTeX Warning: Hyper reference `chapters/motivation/language_types:language-typ
es' on page 43 undefined on input line 1949.

[43

]

LaTeX Warning: Hyper reference `chapters/software_development_tools/automated_t
esting:unit-testing' on page 44 undefined on input line 2028.

[44]

LaTeX Warning: Hyper reference `chapters/software_development_tools/automated_t
esting:unit-testing' on page 45 undefined on input line 2079.


LaTeX Warning: Hyper reference `chapters/programming_fundamentals/variables:var
iables' on page 45 undefined on input line 2097.

[45]
<chess_board.svg.png, id=390, 963.6pt x 980.16188pt>
File: chess_board.svg.png Graphic file (type png)
<use chess_board.svg.png>
Package pdftex.def Info: chess_board.svg.png  used on input line 2150.
(pdftex.def)             Requested size: 301.12305pt x 306.29984pt.
 [46 <./chess_board.svg.png>] [47]

LaTeX Warning: Hyper reference `chapters/programming_fundamentals/functions:fun
ctions' on page 48 undefined on input line 2343.


LaTeX Warning: Hyper reference `chapters/programming_fundamentals/variables:var
iables' on page 48 undefined on input line 2343.


LaTeX Warning: Hyper reference `chapters/programming_fundamentals/variables:var
iables' on page 48 undefined on input line 2349.

[48]

LaTeX Warning: Hyper reference `chapters/software_development_tools/pseudocode:
pseudocode' on page 49 undefined on input line 2376.

[49]

LaTeX Warning: Hyper reference `chapters/programming_fundamentals/variables:lis
ts' on page 50 undefined on input line 2443.


LaTeX Warning: Hyper reference `chapters/programming_fundamentals/variables:dic
tionaries' on page 50 undefined on input line 2443.

[50] [51]
<calculator.png, id=439, 344.487pt x 271.0125pt>
File: calculator.png Graphic file (type png)
<use calculator.png>
Package pdftex.def Info: calculator.png  used on input line 2697.
(pdftex.def)             Requested size: 451.68457pt x 355.36392pt.
 [52] [53 <./calculator.png>]

! LaTeX Error: Unicode character − (U+2212)
               not set up for use with LaTeX.

See the LaTeX manual or LaTeX Companion for explanation.
Type  H <return>  for immediate help.
 ...                                              
                                                  
l.2801 \(3.3621 \times 10^{−
                              4932}\)
? 

LaTeX Warning: Hyper reference `chapters/software_development_tools/debugger:de
bugger' on page 54 undefined on input line 2815.

<floating_point_error.png, id=453, 405.6756pt x 271.0125pt>
File: floating_point_error.png Graphic file (type png)
<use floating_point_error.png>
Package pdftex.def Info: floating_point_error.png  used on input line 2822.
(pdftex.def)             Requested size: 469.77312pt x 313.8702pt.
[54 <./floating_point_error.png>] [55]
<encoding_in_vscode.png, id=471, 405.6756pt x 271.7352pt>
File: encoding_in_vscode.png Graphic file (type png)
<use encoding_in_vscode.png>
Package pdftex.def Info: encoding_in_vscode.png  used on input line 2944.
(pdftex.def)             Requested size: 469.77312pt x 314.71132pt.
 [56 <./encoding_in_vscode.png>]
Underfull \hbox (badness 10000) in paragraph at lines 2987--2989
[]|\T1/qhv/m/n/10 Bin-ary
 []


Underfull \hbox (badness 10000) in paragraph at lines 2990--2992
[]|\T1/qhv/m/n/10 Num-ber
 []


Underfull \hbox (badness 10000) in paragraph at lines 2990--2992
\T1/qhv/m/n/10 as an
 []


Underfull \hbox (badness 10000) in paragraph at lines 2993--2995
[]|\T1/qhv/m/n/10 De-scrip-
 []


Underfull \hbox (badness 10000) in paragraph at lines 2996--2998
[]|\T1/qhv/m/n/10 Bin-ary
 []


Underfull \hbox (badness 10000) in paragraph at lines 2999--3001
[]|\T1/qhv/m/n/10 Num-ber
 []


Underfull \hbox (badness 10000) in paragraph at lines 2999--3001
\T1/qhv/m/n/10 as an
 []


Underfull \hbox (badness 10000) in paragraph at lines 3002--3004
[]|\T1/qhv/m/n/10 De-scrip-
 []


Underfull \hbox (badness 10000) in paragraph at lines 3005--3007
[]|\T1/qhv/m/n/10 Bin-ary
 []


Underfull \hbox (badness 10000) in paragraph at lines 3008--3010
[]|\T1/qhv/m/n/10 Num-ber
 []


Underfull \hbox (badness 10000) in paragraph at lines 3008--3010
\T1/qhv/m/n/10 as an
 []


Underfull \hbox (badness 10000) in paragraph at lines 3011--3014
[]|\T1/qhv/m/n/10 De-scrip-
 []


Underfull \hbox (badness 10000) in paragraph at lines 3022--3024
[]|\T1/qhv/m/n/10 Bin-ary
 []


Underfull \hbox (badness 10000) in paragraph at lines 3025--3027
[]|\T1/qhv/m/n/10 Num-ber
 []


Underfull \hbox (badness 10000) in paragraph at lines 3025--3027
\T1/qhv/m/n/10 as an
 []


Underfull \hbox (badness 10000) in paragraph at lines 3028--3030
[]|\T1/qhv/m/n/10 De-scrip-
 []


Underfull \hbox (badness 10000) in paragraph at lines 3031--3033
[]|\T1/qhv/m/n/10 Bin-ary
 []


Underfull \hbox (badness 10000) in paragraph at lines 3034--3036
[]|\T1/qhv/m/n/10 Num-ber
 []


Underfull \hbox (badness 10000) in paragraph at lines 3034--3036
\T1/qhv/m/n/10 as an
 []


Underfull \hbox (badness 10000) in paragraph at lines 3037--3039
[]|\T1/qhv/m/n/10 De-scrip-
 []


Underfull \hbox (badness 10000) in paragraph at lines 3040--3042
[]|\T1/qhv/m/n/10 Bin-ary
 []


Underfull \hbox (badness 10000) in paragraph at lines 3043--3045
[]|\T1/qhv/m/n/10 Num-ber
 []


Underfull \hbox (badness 10000) in paragraph at lines 3043--3045
\T1/qhv/m/n/10 as an
 []


Underfull \hbox (badness 10000) in paragraph at lines 3046--3049
[]|\T1/qhv/m/n/10 De-scrip-
 []


Underfull \hbox (badness 10000) in paragraph at lines 3095--3097
[]|\T1/qtm/m/n/10 Start of
 []


Underfull \hbox (badness 10000) in paragraph at lines 3123--3125
[]|\T1/qtm/m/n/10 Start of
 []


Underfull \hbox (badness 10000) in paragraph at lines 3151--3153
[]|\T1/qtm/m/n/10 End of
 []


Underfull \hbox (badness 10000) in paragraph at lines 3179--3181
[]|\T1/qtm/m/n/10 End of
 []


Underfull \hbox (badness 10000) in paragraph at lines 3179--3181
\T1/qtm/m/n/10 trans-mis-
 []


Underfull \hbox (badness 10000) in paragraph at lines 3235--3237
[]|\T1/qtm/m/n/10 Ac-know-
 []


Underfull \hbox (badness 10000) in paragraph at lines 3291--3293
[]|\T1/qtm/m/n/10 Back-
 []


Underfull \hbox (badness 10000) in paragraph at lines 3319--3321
[]|\T1/qtm/m/n/10 Ho-ri-
 []


Underfull \hbox (badness 10000) in paragraph at lines 3319--3321
\T1/qtm/m/n/10 zontal
 []


Underfull \hbox (badness 10000) in paragraph at lines 3375--3377
[]|\T1/qtm/m/n/10 Ver-tical
 []


Underfull \hbox (badness 10000) in paragraph at lines 3403--3405
[]|\T1/qtm/m/n/10 Form
 []


Underfull \hbox (badness 10000) in paragraph at lines 3431--3433
[]|\T1/qtm/m/n/10 Car-riage
 []


Underfull \hbox (badness 10000) in paragraph at lines 3543--3545
[]|\T1/qtm/m/n/10 Device
 []


Underfull \hbox (badness 10000) in paragraph at lines 3543--3545
\T1/qtm/m/n/10 con-trol
 []


Underfull \hbox (badness 10000) in paragraph at lines 3571--3573
[]|\T1/qtm/m/n/10 Device
 []


Underfull \hbox (badness 10000) in paragraph at lines 3571--3573
\T1/qtm/m/n/10 con-trol
 []


Underfull \hbox (badness 10000) in paragraph at lines 3599--3601
[]|\T1/qtm/m/n/10 Device
 []


Underfull \hbox (badness 10000) in paragraph at lines 3599--3601
\T1/qtm/m/n/10 con-trol
 []


Underfull \hbox (badness 10000) in paragraph at lines 3627--3629
[]|\T1/qtm/m/n/10 Device
 []


Underfull \hbox (badness 10000) in paragraph at lines 3627--3629
\T1/qtm/m/n/10 con-trol
 []


Underfull \hbox (badness 10000) in paragraph at lines 3655--3657
[]|\T1/qtm/m/n/10 Neg-at-ive
 []


Underfull \hbox (badness 10000) in paragraph at lines 3655--3657
\T1/qtm/m/n/10 Ac-know-
 []


Underfull \hbox (badness 10000) in paragraph at lines 3683--3685
[]|\T1/qtm/m/n/10 Syn-
 []


Underfull \hbox (badness 10000) in paragraph at lines 3683--3685
\T1/qtm/m/n/10 chron-ous
 []


Underfull \hbox (badness 10000) in paragraph at lines 3711--3713
[]|\T1/qtm/m/n/10 End of
 []


Underfull \hbox (badness 10000) in paragraph at lines 3711--3713
\T1/qtm/m/n/10 trans-
 []


Underfull \hbox (badness 10000) in paragraph at lines 3711--3713
\T1/qtm/m/n/10 mis-sion
 []


Underfull \hbox (badness 10000) in paragraph at lines 3767--3769
[]|\T1/qtm/m/n/10 End of
 []


Underfull \hbox (badness 10000) in paragraph at lines 3851--3853
[]|\T1/qtm/m/n/10 File
 []


Underfull \hbox (badness 10000) in paragraph at lines 3879--3881
[]|\T1/qtm/m/n/10 Group
 []


Underfull \hbox (badness 10000) in paragraph at lines 3907--3909
[]|\T1/qtm/m/n/10 Re-cord
 []

[57] [58]
<dataframe_example.png, id=492, 405.6756pt x 271.0125pt>
File: dataframe_example.png Graphic file (type png)
<use dataframe_example.png>
Package pdftex.def Info: dataframe_example.png  used on input line 4336.
(pdftex.def)             Requested size: 469.77312pt x 313.8702pt.
 [59]

LaTeX Warning: Hyper reference `chapters/programming_fundamentals/variables:sin
gle-variables' on page 60 undefined on input line 4357.


LaTeX Warning: Hyper reference `chapters/programming_fundamentals/functions:fun
ctions' on page 60 undefined on input line 4370.

[60 <./dataframe_example.png>] [61] [62] [63]

LaTeX Warning: Hyper reference `chapters/programming_fundamentals/pointers:poin
ters' on page 64 undefined on input line 4673.


LaTeX Warning: Hyper reference `chapters/programming_fundamentals/pointers:poin
ters' on page 64 undefined on input line 4673.


LaTeX Warning: Hyper reference `chapters/software_development_tools/libraries:l
ibraries' on page 64 undefined on input line 4693.


LaTeX Warning: Hyper reference `chapters/software_development_tools/libraries:s
tandard-library' on page 64 undefined on input line 4719.


LaTeX Warning: Hyper reference `chapters/software_development_tools/automated_t
esting:automated-testing' on page 64 undefined on input line 4730.

[64] [65]

LaTeX Warning: Hyper reference `chapters/programming_fundamentals/objects:objec
ts' on page 66 undefined on input line 4872.


LaTeX Warning: Hyper reference `chapters/software_lifecycle/software_architectu
re:software-architecture' on page 66 undefined on input line 4875.

[66]
<flow_chart.png, id=546, 207.6558pt x 305.4612pt>
File: flow_chart.png Graphic file (type png)
<use flow_chart.png>
Package pdftex.def Info: flow_chart.png  used on input line 4892.
(pdftex.def)             Requested size: 301.12305pt x 443.01459pt.
 [67 <./flow_chart.png>]
<state_diagram.png, id=553, 763.1712pt x 581.0508pt>
File: state_diagram.png Graphic file (type png)
<use state_diagram.png>
Package pdftex.def Info: state_diagram.png  used on input line 4913.
(pdftex.def)             Requested size: 469.76091pt x 357.67659pt.
 [68 <./state_diagram.png (PNG copy)>]
<shallow_copy.png, id=562, 319.9152pt x 99.7326pt>
File: shallow_copy.png Graphic file (type png)
<use shallow_copy.png>
Package pdftex.def Info: shallow_copy.png  used on input line 4949.
(pdftex.def)             Requested size: 469.76689pt x 146.48187pt.
<shallow_copy_append.png, id=563, 392.9079pt x 98.769pt>
File: shallow_copy_append.png Graphic file (type png)
<use shallow_copy_append.png>
Package pdftex.def Info: shallow_copy_append.png  used on input line 4982.
(pdftex.def)             Requested size: 469.75449pt x 118.09868pt.
 [69 <./shallow_copy.png> <./shallow_copy_append.png>]
<stack.png, id=571, 477.7047pt x 269.0853pt>
File: stack.png Graphic file (type png)
<use stack.png>
Package pdftex.def Info: stack.png  used on input line 5022.
(pdftex.def)             Requested size: 469.7656pt x 264.63383pt.
 [70 <./stack.png>]

LaTeX Warning: Hyper reference `chapters/programming_fundamentals/pointers:poin
ters' on page 71 undefined on input line 5053.

[71]
<pointers.png, id=586, 314.3745pt x 59.9841pt>
File: pointers.png Graphic file (type png)
<use pointers.png>
Package pdftex.def Info: pointers.png  used on input line 5188.
(pdftex.def)             Requested size: 451.68457pt x 86.1912pt.
 [72 <./pointers.png>]
<pointer_analogy.png, id=593, 466.3824pt x 235.1184pt>
File: pointer_analogy.png Graphic file (type png)
<use pointer_analogy.png>
Package pdftex.def Info: pointer_analogy.png  used on input line 5232.
(pdftex.def)             Requested size: 469.75443pt x 236.8255pt.


LaTeX Warning: Hyper reference `chapters/programming_fundamentals/lifetimes:lif
etimes' on page 73 undefined on input line 5277.

[73 <./pointer_analogy.png>] [74]

LaTeX Warning: Hyper reference `chapters/programming_fundamentals/pointers:poin
ters' on page 75 undefined on input line 5392.


LaTeX Warning: Hyper reference `chapters/programming_fundamentals/pointers:smar
t-pointers' on page 75 undefined on input line 5407.

[75]

LaTeX Warning: Hyper reference `chapters/programming_fundamentals/scope:scope' 
on page 76 undefined on input line 5440.


LaTeX Warning: Hyper reference `chapters/computer_software/major_operating_syst
ems:operating-systems' on page 76 undefined on input line 5457.


LaTeX Warning: Hyper reference `chapters/programming_fundamentals/text_encoding
:ascii' on page 76 undefined on input line 5457.

<line_endings.png, id=611, 353.6412pt x 271.7352pt>
File: line_endings.png Graphic file (type png)
<use line_endings.png>
Package pdftex.def Info: line_endings.png  used on input line 5465.
(pdftex.def)             Requested size: 469.77028pt x 360.98862pt.
[76] [77 <./line_endings.png>]

LaTeX Warning: Hyper reference `chapters/software_development_tools/automated_t
esting:unit-testing' on page 78 undefined on input line 5530.


LaTeX Warning: Hyper reference `chapters/programming_fundamentals/conditionals_
and_loops:for-loops' on page 78 undefined on input line 5536.

[78]
Chapter 7.

LaTeX Warning: Hyper reference `chapters/software_development_tools/libraries:c
ode-security' on page 79 undefined on input line 5584.


LaTeX Warning: Hyper reference `chapters/motivation/our_choices:motivation' on 
page 79 undefined on input line 5584.

[79

]

LaTeX Warning: Hyper reference `chapters/programming_fundamentals/text_encoding
:text-encoding' on page 80 undefined on input line 5613.

No file notes-part1.ind.
[80] (./notes-part1.aux)
 ***********
LaTeX2e <2023-11-01> patch level 1
L3 programming layer <2024-01-22>
 ***********


LaTeX Warning: There were undefined references.


LaTeX Warning: Label(s) may have changed. Rerun to get cross-references right.


Package rerunfilecheck Warning: File `notes-part1.out' has changed.
(rerunfilecheck)                Rerun to get outlines right
(rerunfilecheck)                or use package `bookmark'.

Package rerunfilecheck Info: Checksums for `notes-part1.out':
(rerunfilecheck)             Before: <no file>
(rerunfilecheck)             After:  BF29644F41799C7B9CE98C49A5F4DC73;22595.
 ) 
Here is how much of TeX's memory you used:
 20649 strings out of 474222
 378782 string characters out of 5748733
 2039975 words of memory out of 5000000
 42258 multiletter control sequences out of 15000+600000
 621950 words of font info for 87 fonts, out of 8000000 for 9000
 1142 hyphenation exceptions out of 8191
 72i,12n,83p,1200b,667s stack positions out of 10000i,1000n,20000p,200000b,200000s
</usr/share/texlive/texmf-dist/fonts/type1/public/fontawesome5/FontAwesome5Fr
ee-Solid.pfb></usr/share/texlive/texmf-dist/fonts/type1/public/amsfonts/cm/cmmi
10.pfb></usr/share/texlive/texmf-dist/fonts/type1/public/amsfonts/cm/cmmi5.pfb>
</usr/share/texlive/texmf-dist/fonts/type1/public/amsfonts/cm/cmmi7.pfb></usr/s
hare/texlive/texmf-dist/fonts/type1/public/amsfonts/cm/cmr10.pfb></usr/share/te
xlive/texmf-dist/fonts/type1/public/amsfonts/cm/cmr7.pfb></usr/share/texlive/te
xmf-dist/fonts/type1/public/amsfonts/cm/cmsy10.pfb></usr/share/texlive/texmf-di
st/fonts/type1/public/amsfonts/cm/cmsy5.pfb></usr/share/texlive/texmf-dist/font
s/type1/public/amsfonts/cm/cmsy7.pfb></usr/share/texmf/fonts/type1/public/tex-g
yre/qhvb.pfb></usr/share/texmf/fonts/type1/public/tex-gyre/qhvbi.pfb></usr/shar
e/texmf/fonts/type1/public/tex-gyre/qhvr.pfb></usr/share/texmf/fonts/type1/publ
ic/tex-gyre/qtmb.pfb></usr/share/texmf/fonts/type1/public/tex-gyre/qtmr.pfb></u
sr/share/texmf/fonts/type1/public/tex-gyre/qtmri.pfb></usr/share/texlive/texmf-
dist/fonts/type1/public/txfonts/t1xbtt.pfb></usr/share/texlive/texmf-dist/fonts
/type1/public/txfonts/t1xtt.pfb></usr/share/texlive/texmf-dist/fonts/type1/publ
ic/txfonts/t1xtt.pfb></usr/share/texlive/texmf-dist/fonts/type1/public/txfonts/
tcxtt.pfb></usr/share/texlive/texmf-dist/fonts/type1/urw/times/utmr8a.pfb>
Output written on notes-part1.pdf (84 pages, 15114436 bytes).
PDF statistics:
 782 PDF objects out of 1000 (max. 8388607)
 605 compressed objects within 7 object streams
 232 named destinations out of 1000 (max. 500000)
 156 words of extra memory for PDF output out of 10000 (max. 10000000)

